<?xml version="1.0" encoding="UTF-8"?>
<coverage generated="1652889698136" clover="3.2.0">
  <project timestamp="1652889698136" name="All files">
    <metrics statements="120" coveredstatements="112" conditionals="26" coveredconditionals="16" methods="30" coveredmethods="30" elements="176" coveredelements="158" complexity="0" loc="120" ncloc="120" packages="9" files="24" classes="24"/>
    <package name="src">
      <metrics statements="7" coveredstatements="7" conditionals="0" coveredconditionals="0" methods="0" coveredmethods="0"/>
      <file name="app.ts" path="/home/jobatista/Driven/Projetos/Projeto_20_The_Reader/projeto_20_the_reader_back/src/app.ts">
        <metrics statements="5" coveredstatements="5" conditionals="0" coveredconditionals="0" methods="0" coveredmethods="0"/>
        <line num="8" count="1" type="stmt"/>
        <line num="9" count="1" type="stmt"/>
        <line num="10" count="1" type="stmt"/>
        <line num="11" count="1" type="stmt"/>
        <line num="12" count="1" type="stmt"/>
      </file>
      <file name="database.ts" path="/home/jobatista/Driven/Projetos/Projeto_20_The_Reader/projeto_20_the_reader_back/src/database.ts">
        <metrics statements="2" coveredstatements="2" conditionals="0" coveredconditionals="0" methods="0" coveredmethods="0"/>
        <line num="3" count="4" type="stmt"/>
        <line num="5" count="4" type="stmt"/>
      </file>
    </package>
    <package name="src.controllers">
      <metrics statements="19" coveredstatements="18" conditionals="1" coveredconditionals="0" methods="5" coveredmethods="5"/>
      <file name="authController.ts" path="/home/jobatista/Driven/Projetos/Projeto_20_The_Reader/projeto_20_the_reader_back/src/controllers/authController.ts">
        <metrics statements="3" coveredstatements="3" conditionals="0" coveredconditionals="0" methods="1" coveredmethods="1"/>
        <line num="6" count="1" type="stmt"/>
        <line num="8" count="1" type="stmt"/>
        <line num="10" count="1" type="stmt"/>
      </file>
      <file name="readingController.ts" path="/home/jobatista/Driven/Projetos/Projeto_20_The_Reader/projeto_20_the_reader_back/src/controllers/readingController.ts">
        <metrics statements="13" coveredstatements="12" conditionals="1" coveredconditionals="0" methods="3" coveredmethods="3"/>
        <line num="7" count="3" type="stmt"/>
        <line num="8" count="3" type="stmt"/>
        <line num="10" count="3" type="stmt"/>
        <line num="12" count="2" type="stmt"/>
        <line num="16" count="1" type="stmt"/>
        <line num="18" count="1" type="stmt"/>
        <line num="20" count="1" type="stmt"/>
        <line num="24" count="1" type="stmt"/>
        <line num="25" count="1" type="stmt"/>
        <line num="26" count="1" type="cond" truecount="0" falsecount="1"/>
        <line num="27" count="0" type="stmt"/>
        <line num="30" count="1" type="stmt"/>
        <line num="32" count="1" type="stmt"/>
      </file>
      <file name="userController.ts" path="/home/jobatista/Driven/Projetos/Projeto_20_The_Reader/projeto_20_the_reader_back/src/controllers/userController.ts">
        <metrics statements="3" coveredstatements="3" conditionals="0" coveredconditionals="0" methods="1" coveredmethods="1"/>
        <line num="7" count="1" type="stmt"/>
        <line num="9" count="1" type="stmt"/>
        <line num="11" count="1" type="stmt"/>
      </file>
    </package>
    <package name="src.middlewares">
      <metrics statements="21" coveredstatements="17" conditionals="14" coveredconditionals="8" methods="4" coveredmethods="4"/>
      <file name="errorHandlerMiddleware.ts" path="/home/jobatista/Driven/Projetos/Projeto_20_The_Reader/projeto_20_the_reader_back/src/middlewares/errorHandlerMiddleware.ts">
        <metrics statements="8" coveredstatements="6" conditionals="4" coveredconditionals="2" methods="1" coveredmethods="1"/>
        <line num="16" count="1" type="stmt"/>
        <line num="17" count="1" type="stmt"/>
        <line num="19" count="1" type="cond" truecount="1" falsecount="1"/>
        <line num="20" count="1" type="stmt"/>
        <line num="21" count="1" type="cond" truecount="1" falsecount="1"/>
        <line num="23" count="1" type="stmt"/>
        <line num="25" count="0" type="stmt"/>
        <line num="26" count="0" type="stmt"/>
      </file>
      <file name="schemaValidationMiddleware.ts" path="/home/jobatista/Driven/Projetos/Projeto_20_The_Reader/projeto_20_the_reader_back/src/middlewares/schemaValidationMiddleware.ts">
        <metrics statements="6" coveredstatements="5" conditionals="1" coveredconditionals="0" methods="2" coveredmethods="2"/>
        <line num="5" count="3" type="stmt"/>
        <line num="6" count="5" type="stmt"/>
        <line num="8" count="5" type="stmt"/>
        <line num="9" count="5" type="cond" truecount="0" falsecount="1"/>
        <line num="10" count="0" type="stmt"/>
        <line num="15" count="5" type="stmt"/>
      </file>
      <file name="tokenValidationMiddleware.ts" path="/home/jobatista/Driven/Projetos/Projeto_20_The_Reader/projeto_20_the_reader_back/src/middlewares/tokenValidationMiddleware.ts">
        <metrics statements="7" coveredstatements="6" conditionals="9" coveredconditionals="6" methods="1" coveredmethods="1"/>
        <line num="11" count="5" type="stmt"/>
        <line num="13" count="5" type="cond" truecount="3" falsecount="2"/>
        <line num="14" count="0" type="stmt"/>
        <line num="17" count="5" type="cond" truecount="3" falsecount="1"/>
        <line num="18" count="5" type="stmt"/>
        <line num="19" count="5" type="stmt"/>
        <line num="21" count="5" type="stmt"/>
      </file>
    </package>
    <package name="src.repositories">
      <metrics statements="11" coveredstatements="11" conditionals="0" coveredconditionals="0" methods="7" coveredmethods="7"/>
      <file name="readingRepository.ts" path="/home/jobatista/Driven/Projetos/Projeto_20_The_Reader/projeto_20_the_reader_back/src/repositories/readingRepository.ts">
        <metrics statements="8" coveredstatements="8" conditionals="0" coveredconditionals="0" methods="5" coveredmethods="5"/>
        <line num="10" count="2" type="stmt"/>
        <line num="14" count="3" type="stmt"/>
        <line num="18" count="3" type="stmt"/>
        <line num="22" count="1" type="stmt"/>
        <line num="24" count="1" type="stmt"/>
        <line num="28" count="1" type="stmt"/>
        <line num="32" count="1" type="stmt"/>
        <line num="33" count="1" type="stmt"/>
      </file>
      <file name="userRepository.ts" path="/home/jobatista/Driven/Projetos/Projeto_20_The_Reader/projeto_20_the_reader_back/src/repositories/userRepository.ts">
        <metrics statements="3" coveredstatements="3" conditionals="0" coveredconditionals="0" methods="2" coveredmethods="2"/>
        <line num="7" count="3" type="stmt"/>
        <line num="11" count="5" type="stmt"/>
        <line num="12" count="5" type="stmt"/>
      </file>
    </package>
    <package name="src.routers">
      <metrics statements="12" coveredstatements="12" conditionals="0" coveredconditionals="0" methods="0" coveredmethods="0"/>
      <file name="authRouter.ts" path="/home/jobatista/Driven/Projetos/Projeto_20_The_Reader/projeto_20_the_reader_back/src/routers/authRouter.ts">
        <metrics statements="2" coveredstatements="2" conditionals="0" coveredconditionals="0" methods="0" coveredmethods="0"/>
        <line num="7" count="1" type="stmt"/>
        <line num="9" count="1" type="stmt"/>
      </file>
      <file name="readingRouter.ts" path="/home/jobatista/Driven/Projetos/Projeto_20_The_Reader/projeto_20_the_reader_back/src/routers/readingRouter.ts">
        <metrics statements="4" coveredstatements="4" conditionals="0" coveredconditionals="0" methods="0" coveredmethods="0"/>
        <line num="8" count="1" type="stmt"/>
        <line num="10" count="1" type="stmt"/>
        <line num="17" count="1" type="stmt"/>
        <line num="18" count="1" type="stmt"/>
      </file>
      <file name="routes.ts" path="/home/jobatista/Driven/Projetos/Projeto_20_The_Reader/projeto_20_the_reader_back/src/routers/routes.ts">
        <metrics statements="4" coveredstatements="4" conditionals="0" coveredconditionals="0" methods="0" coveredmethods="0"/>
        <line num="7" count="1" type="stmt"/>
        <line num="9" count="1" type="stmt"/>
        <line num="10" count="1" type="stmt"/>
        <line num="11" count="1" type="stmt"/>
      </file>
      <file name="userRouter.ts" path="/home/jobatista/Driven/Projetos/Projeto_20_The_Reader/projeto_20_the_reader_back/src/routers/userRouter.ts">
        <metrics statements="2" coveredstatements="2" conditionals="0" coveredconditionals="0" methods="0" coveredmethods="0"/>
        <line num="7" count="1" type="stmt"/>
        <line num="9" count="1" type="stmt"/>
      </file>
    </package>
    <package name="src.schemas">
      <metrics statements="3" coveredstatements="3" conditionals="0" coveredconditionals="0" methods="0" coveredmethods="0"/>
      <file name="readingSchema.ts" path="/home/jobatista/Driven/Projetos/Projeto_20_The_Reader/projeto_20_the_reader_back/src/schemas/readingSchema.ts">
        <metrics statements="1" coveredstatements="1" conditionals="0" coveredconditionals="0" methods="0" coveredmethods="0"/>
        <line num="5" count="1" type="stmt"/>
      </file>
      <file name="signInSchema.ts" path="/home/jobatista/Driven/Projetos/Projeto_20_The_Reader/projeto_20_the_reader_back/src/schemas/signInSchema.ts">
        <metrics statements="1" coveredstatements="1" conditionals="0" coveredconditionals="0" methods="0" coveredmethods="0"/>
        <line num="4" count="1" type="stmt"/>
      </file>
      <file name="userSchema.ts" path="/home/jobatista/Driven/Projetos/Projeto_20_The_Reader/projeto_20_the_reader_back/src/schemas/userSchema.ts">
        <metrics statements="1" coveredstatements="1" conditionals="0" coveredconditionals="0" methods="0" coveredmethods="0"/>
        <line num="4" count="1" type="stmt"/>
      </file>
    </package>
    <package name="src.services">
      <metrics statements="36" coveredstatements="36" conditionals="7" coveredconditionals="7" methods="7" coveredmethods="7"/>
      <file name="authService.ts" path="/home/jobatista/Driven/Projetos/Projeto_20_The_Reader/projeto_20_the_reader_back/src/services/authService.ts">
        <metrics statements="13" coveredstatements="13" conditionals="2" coveredconditionals="2" methods="2" coveredmethods="2"/>
        <line num="13" count="4" type="stmt"/>
        <line num="15" count="4" type="stmt"/>
        <line num="16" count="4" type="cond" truecount="1" falsecount="0"/>
        <line num="17" count="1" type="stmt"/>
        <line num="20" count="3" type="cond" truecount="1" falsecount="0"/>
        <line num="21" count="1" type="stmt"/>
        <line num="24" count="2" type="stmt"/>
        <line num="26" count="2" type="stmt"/>
        <line num="30" count="7" type="stmt"/>
        <line num="31" count="7" type="stmt"/>
        <line num="32" count="7" type="stmt"/>
        <line num="34" count="6" type="stmt"/>
        <line num="36" count="1" type="stmt"/>
      </file>
      <file name="readingService.ts" path="/home/jobatista/Driven/Projetos/Projeto_20_The_Reader/projeto_20_the_reader_back/src/services/readingService.ts">
        <metrics statements="17" coveredstatements="17" conditionals="4" coveredconditionals="4" methods="4" coveredmethods="4"/>
        <line num="11" count="3" type="stmt"/>
        <line num="13" count="3" type="stmt"/>
        <line num="16" count="3" type="cond" truecount="1" falsecount="0"/>
        <line num="17" count="1" type="stmt"/>
        <line num="20" count="2" type="stmt"/>
        <line num="24" count="1" type="stmt"/>
        <line num="25" count="1" type="stmt"/>
        <line num="29" count="4" type="stmt"/>
        <line num="31" count="3" type="cond" truecount="1" falsecount="0"/>
        <line num="32" count="1" type="stmt"/>
        <line num="35" count="2" type="cond" truecount="1" falsecount="0"/>
        <line num="36" count="1" type="stmt"/>
        <line num="39" count="1" type="stmt"/>
        <line num="43" count="4" type="stmt"/>
        <line num="44" count="4" type="cond" truecount="1" falsecount="0"/>
        <line num="45" count="1" type="stmt"/>
        <line num="48" count="3" type="stmt"/>
      </file>
      <file name="userService.ts" path="/home/jobatista/Driven/Projetos/Projeto_20_The_Reader/projeto_20_the_reader_back/src/services/userService.ts">
        <metrics statements="6" coveredstatements="6" conditionals="1" coveredconditionals="1" methods="1" coveredmethods="1"/>
        <line num="9" count="4" type="stmt"/>
        <line num="11" count="4" type="stmt"/>
        <line num="12" count="4" type="cond" truecount="1" falsecount="0"/>
        <line num="13" count="1" type="stmt"/>
        <line num="16" count="3" type="stmt"/>
        <line num="18" count="3" type="stmt"/>
      </file>
    </package>
    <package name="src.utils">
      <metrics statements="8" coveredstatements="5" conditionals="4" coveredconditionals="1" methods="4" coveredmethods="4"/>
      <file name="errorUtils.ts" path="/home/jobatista/Driven/Projetos/Projeto_20_The_Reader/projeto_20_the_reader_back/src/utils/errorUtils.ts">
        <metrics statements="8" coveredstatements="5" conditionals="4" coveredconditionals="1" methods="4" coveredmethods="4"/>
        <line num="9" count="3" type="stmt"/>
        <line num="16" count="2" type="stmt"/>
        <line num="23" count="3" type="stmt"/>
        <line num="30" count="1" type="cond" truecount="1" falsecount="3"/>
        <line num="32" count="0" type="stmt"/>
        <line num="34" count="0" type="stmt"/>
        <line num="36" count="1" type="stmt"/>
        <line num="38" count="0" type="stmt"/>
      </file>
    </package>
    <package name="tests.factories">
      <metrics statements="3" coveredstatements="3" conditionals="0" coveredconditionals="0" methods="3" coveredmethods="3"/>
      <file name="readingBodyFactory.ts" path="/home/jobatista/Driven/Projetos/Projeto_20_The_Reader/projeto_20_the_reader_back/tests/factories/readingBodyFactory.ts">
        <metrics statements="1" coveredstatements="1" conditionals="0" coveredconditionals="0" methods="1" coveredmethods="1"/>
        <line num="6" count="10" type="stmt"/>
      </file>
      <file name="signInBodyFactory.ts" path="/home/jobatista/Driven/Projetos/Projeto_20_The_Reader/projeto_20_the_reader_back/tests/factories/signInBodyFactory.ts">
        <metrics statements="1" coveredstatements="1" conditionals="0" coveredconditionals="0" methods="1" coveredmethods="1"/>
        <line num="6" count="2" type="stmt"/>
      </file>
      <file name="userBodyFactory.ts" path="/home/jobatista/Driven/Projetos/Projeto_20_The_Reader/projeto_20_the_reader_back/tests/factories/userBodyFactory.ts">
        <metrics statements="1" coveredstatements="1" conditionals="0" coveredconditionals="0" methods="1" coveredmethods="1"/>
        <line num="6" count="4" type="stmt"/>
      </file>
    </package>
  </project>
</coverage>
