{"/home/jobatista/Driven/Projetos/Projeto_20_The_Reader/projeto_20_the_reader_back/src/app.ts": {"path":"/home/jobatista/Driven/Projetos/Projeto_20_The_Reader/projeto_20_the_reader_back/src/app.ts","statementMap":{"0":{"start":{"line":8,"column":12},"end":{"line":8,"column":21}},"1":{"start":{"line":9,"column":0},"end":{"line":9,"column":16}},"2":{"start":{"line":10,"column":0},"end":{"line":10,"column":16}},"3":{"start":{"line":11,"column":0},"end":{"line":11,"column":16}},"4":{"start":{"line":12,"column":0},"end":{"line":12,"column":22}}},"fnMap":{},"branchMap":{},"s":{"0":1,"1":1,"2":1,"3":1,"4":1},"f":{},"b":{}}
,"/home/jobatista/Driven/Projetos/Projeto_20_The_Reader/projeto_20_the_reader_back/src/database.ts": {"path":"/home/jobatista/Driven/Projetos/Projeto_20_The_Reader/projeto_20_the_reader_back/src/database.ts","statementMap":{"0":{"start":{"line":3,"column":25},"end":{"line":3,"column":28}},"1":{"start":{"line":5,"column":15},"end":{"line":5,"column":33}}},"fnMap":{},"branchMap":{},"s":{"0":5,"1":5},"f":{},"b":{}}
,"/home/jobatista/Driven/Projetos/Projeto_20_The_Reader/projeto_20_the_reader_back/src/controllers/authController.ts": {"path":"/home/jobatista/Driven/Projetos/Projeto_20_The_Reader/projeto_20_the_reader_back/src/controllers/authController.ts","statementMap":{"0":{"start":{"line":6,"column":22},"end":{"line":6,"column":44}},"1":{"start":{"line":8,"column":15},"end":{"line":8,"column":52}},"2":{"start":{"line":10,"column":2},"end":{"line":10,"column":29}}},"fnMap":{"0":{"name":"signIn","decl":{"start":{"line":5,"column":15},"end":{"line":5,"column":21}},"loc":{"start":{"line":5,"column":49},"end":{"line":11,"column":null}}}},"branchMap":{},"s":{"0":1,"1":1,"2":1},"f":{"0":1},"b":{}}
,"/home/jobatista/Driven/Projetos/Projeto_20_The_Reader/projeto_20_the_reader_back/src/controllers/noteController.ts": {"path":"/home/jobatista/Driven/Projetos/Projeto_20_The_Reader/projeto_20_the_reader_back/src/controllers/noteController.ts","statementMap":{"0":{"start":{"line":7,"column":21},"end":{"line":7,"column":31}},"1":{"start":{"line":8,"column":20},"end":{"line":8,"column":43}},"2":{"start":{"line":9,"column":15},"end":{"line":9,"column":41}},"3":{"start":{"line":11,"column":2},"end":{"line":11,"column":52}},"4":{"start":{"line":13,"column":2},"end":{"line":13,"column":22}},"5":{"start":{"line":17,"column":21},"end":{"line":17,"column":31}},"6":{"start":{"line":18,"column":20},"end":{"line":18,"column":43}},"7":{"start":{"line":20,"column":16},"end":{"line":20,"column":67}},"8":{"start":{"line":22,"column":2},"end":{"line":22,"column":18}}},"fnMap":{"0":{"name":"create","decl":{"start":{"line":6,"column":15},"end":{"line":6,"column":21}},"loc":{"start":{"line":6,"column":49},"end":{"line":14,"column":null}}},"1":{"name":"get","decl":{"start":{"line":16,"column":15},"end":{"line":16,"column":18}},"loc":{"start":{"line":16,"column":46},"end":{"line":23,"column":null}}}},"branchMap":{},"s":{"0":1,"1":1,"2":1,"3":1,"4":1,"5":1,"6":1,"7":1,"8":1},"f":{"0":1,"1":1},"b":{}}
,"/home/jobatista/Driven/Projetos/Projeto_20_The_Reader/projeto_20_the_reader_back/src/controllers/readingController.ts": {"path":"/home/jobatista/Driven/Projetos/Projeto_20_The_Reader/projeto_20_the_reader_back/src/controllers/readingController.ts","statementMap":{"0":{"start":{"line":7,"column":18},"end":{"line":7,"column":47}},"1":{"start":{"line":8,"column":21},"end":{"line":8,"column":53}},"2":{"start":{"line":10,"column":2},"end":{"line":10,"column":47}},"3":{"start":{"line":12,"column":2},"end":{"line":12,"column":22}},"4":{"start":{"line":16,"column":21},"end":{"line":16,"column":53}},"5":{"start":{"line":18,"column":19},"end":{"line":18,"column":59}},"6":{"start":{"line":20,"column":2},"end":{"line":20,"column":21}},"7":{"start":{"line":24,"column":21},"end":{"line":24,"column":53}},"8":{"start":{"line":25,"column":13},"end":{"line":25,"column":36}},"9":{"start":{"line":26,"column":2},"end":{"line":28,"column":null}},"10":{"start":{"line":27,"column":4},"end":{"line":27,"column":47}},"11":{"start":{"line":30,"column":2},"end":{"line":30,"column":46}},"12":{"start":{"line":32,"column":2},"end":{"line":32,"column":22}},"13":{"start":{"line":36,"column":21},"end":{"line":36,"column":53}},"14":{"start":{"line":37,"column":13},"end":{"line":37,"column":36}},"15":{"start":{"line":38,"column":26},"end":{"line":38,"column":61}},"16":{"start":{"line":39,"column":2},"end":{"line":41,"column":null}},"17":{"start":{"line":40,"column":4},"end":{"line":40,"column":47}},"18":{"start":{"line":43,"column":2},"end":{"line":43,"column":61}},"19":{"start":{"line":45,"column":2},"end":{"line":45,"column":22}}},"fnMap":{"0":{"name":"create","decl":{"start":{"line":6,"column":15},"end":{"line":6,"column":21}},"loc":{"start":{"line":6,"column":49},"end":{"line":13,"column":null}}},"1":{"name":"get","decl":{"start":{"line":15,"column":15},"end":{"line":15,"column":18}},"loc":{"start":{"line":15,"column":46},"end":{"line":21,"column":null}}},"2":{"name":"finish","decl":{"start":{"line":23,"column":15},"end":{"line":23,"column":21}},"loc":{"start":{"line":23,"column":49},"end":{"line":33,"column":null}}},"3":{"name":"bookmark","decl":{"start":{"line":35,"column":15},"end":{"line":35,"column":23}},"loc":{"start":{"line":35,"column":51},"end":{"line":46,"column":null}}}},"branchMap":{"0":{"loc":{"start":{"line":26,"column":2},"end":{"line":28,"column":null}},"type":"if","locations":[{"start":{"line":26,"column":2},"end":{"line":28,"column":null}}]},"1":{"loc":{"start":{"line":39,"column":2},"end":{"line":41,"column":null}},"type":"if","locations":[{"start":{"line":39,"column":2},"end":{"line":41,"column":null}}]}},"s":{"0":3,"1":3,"2":3,"3":2,"4":1,"5":1,"6":1,"7":1,"8":1,"9":1,"10":0,"11":1,"12":1,"13":1,"14":1,"15":1,"16":1,"17":0,"18":1,"19":1},"f":{"0":3,"1":1,"2":1,"3":1},"b":{"0":[0],"1":[0]}}
,"/home/jobatista/Driven/Projetos/Projeto_20_The_Reader/projeto_20_the_reader_back/src/controllers/readingIntentionController.ts": {"path":"/home/jobatista/Driven/Projetos/Projeto_20_The_Reader/projeto_20_the_reader_back/src/controllers/readingIntentionController.ts","statementMap":{"0":{"start":{"line":7,"column":20},"end":{"line":7,"column":58}},"1":{"start":{"line":8,"column":21},"end":{"line":8,"column":53}},"2":{"start":{"line":10,"column":2},"end":{"line":10,"column":58}},"3":{"start":{"line":12,"column":2},"end":{"line":12,"column":22}},"4":{"start":{"line":16,"column":21},"end":{"line":16,"column":53}},"5":{"start":{"line":18,"column":21},"end":{"line":18,"column":70}},"6":{"start":{"line":20,"column":2},"end":{"line":20,"column":23}},"7":{"start":{"line":24,"column":21},"end":{"line":24,"column":53}},"8":{"start":{"line":25,"column":13},"end":{"line":25,"column":36}},"9":{"start":{"line":26,"column":2},"end":{"line":28,"column":null}},"10":{"start":{"line":27,"column":4},"end":{"line":27,"column":47}},"11":{"start":{"line":30,"column":2},"end":{"line":30,"column":65}},"12":{"start":{"line":32,"column":2},"end":{"line":32,"column":22}},"13":{"start":{"line":36,"column":21},"end":{"line":36,"column":53}},"14":{"start":{"line":37,"column":13},"end":{"line":37,"column":36}},"15":{"start":{"line":38,"column":2},"end":{"line":40,"column":null}},"16":{"start":{"line":39,"column":4},"end":{"line":39,"column":47}},"17":{"start":{"line":42,"column":2},"end":{"line":42,"column":65}},"18":{"start":{"line":44,"column":2},"end":{"line":44,"column":22}},"19":{"start":{"line":48,"column":21},"end":{"line":48,"column":53}},"20":{"start":{"line":49,"column":13},"end":{"line":49,"column":36}},"21":{"start":{"line":50,"column":2},"end":{"line":52,"column":null}},"22":{"start":{"line":51,"column":4},"end":{"line":51,"column":47}},"23":{"start":{"line":54,"column":2},"end":{"line":54,"column":55}},"24":{"start":{"line":56,"column":2},"end":{"line":56,"column":22}}},"fnMap":{"0":{"name":"create","decl":{"start":{"line":6,"column":15},"end":{"line":6,"column":21}},"loc":{"start":{"line":6,"column":49},"end":{"line":13,"column":null}}},"1":{"name":"get","decl":{"start":{"line":15,"column":15},"end":{"line":15,"column":18}},"loc":{"start":{"line":15,"column":46},"end":{"line":21,"column":null}}},"2":{"name":"increasePriority","decl":{"start":{"line":23,"column":15},"end":{"line":23,"column":31}},"loc":{"start":{"line":23,"column":59},"end":{"line":33,"column":null}}},"3":{"name":"decreasePriority","decl":{"start":{"line":35,"column":15},"end":{"line":35,"column":31}},"loc":{"start":{"line":35,"column":59},"end":{"line":45,"column":null}}},"4":{"name":"remove","decl":{"start":{"line":47,"column":15},"end":{"line":47,"column":21}},"loc":{"start":{"line":47,"column":49},"end":{"line":57,"column":null}}}},"branchMap":{"0":{"loc":{"start":{"line":26,"column":2},"end":{"line":28,"column":null}},"type":"if","locations":[{"start":{"line":26,"column":2},"end":{"line":28,"column":null}}]},"1":{"loc":{"start":{"line":38,"column":2},"end":{"line":40,"column":null}},"type":"if","locations":[{"start":{"line":38,"column":2},"end":{"line":40,"column":null}}]},"2":{"loc":{"start":{"line":50,"column":2},"end":{"line":52,"column":null}},"type":"if","locations":[{"start":{"line":50,"column":2},"end":{"line":52,"column":null}}]}},"s":{"0":1,"1":1,"2":1,"3":1,"4":1,"5":1,"6":1,"7":1,"8":1,"9":1,"10":0,"11":1,"12":1,"13":1,"14":1,"15":1,"16":0,"17":1,"18":1,"19":1,"20":1,"21":1,"22":0,"23":1,"24":1},"f":{"0":1,"1":1,"2":1,"3":1,"4":1},"b":{"0":[0],"1":[0],"2":[0]}}
,"/home/jobatista/Driven/Projetos/Projeto_20_The_Reader/projeto_20_the_reader_back/src/controllers/userController.ts": {"path":"/home/jobatista/Driven/Projetos/Projeto_20_The_Reader/projeto_20_the_reader_back/src/controllers/userController.ts","statementMap":{"0":{"start":{"line":7,"column":15},"end":{"line":7,"column":41}},"1":{"start":{"line":9,"column":2},"end":{"line":9,"column":33}},"2":{"start":{"line":11,"column":2},"end":{"line":11,"column":22}}},"fnMap":{"0":{"name":"signUp","decl":{"start":{"line":6,"column":15},"end":{"line":6,"column":21}},"loc":{"start":{"line":6,"column":49},"end":{"line":12,"column":null}}}},"branchMap":{},"s":{"0":1,"1":1,"2":1},"f":{"0":1},"b":{}}
,"/home/jobatista/Driven/Projetos/Projeto_20_The_Reader/projeto_20_the_reader_back/src/middlewares/errorHandlerMiddleware.ts": {"path":"/home/jobatista/Driven/Projetos/Projeto_20_The_Reader/projeto_20_the_reader_back/src/middlewares/errorHandlerMiddleware.ts","statementMap":{"0":{"start":{"line":16,"column":29},"end":{"line":16,"column":32}},"1":{"start":{"line":17,"column":26},"end":{"line":17,"column":61}},"2":{"start":{"line":19,"column":2},"end":{"line":27,"column":null}},"3":{"start":{"line":20,"column":24},"end":{"line":20,"column":54}},"4":{"start":{"line":21,"column":21},"end":{"line":21,"column":53}},"5":{"start":{"line":23,"column":4},"end":{"line":23,"column":43}},"6":{"start":{"line":25,"column":4},"end":{"line":25,"column":23}},"7":{"start":{"line":26,"column":4},"end":{"line":26,"column":57}}},"fnMap":{"0":{"name":"errorHandler","decl":{"start":{"line":10,"column":24},"end":{"line":10,"column":36}},"loc":{"start":{"line":14,"column":20},"end":{"line":28,"column":1}}}},"branchMap":{"0":{"loc":{"start":{"line":19,"column":2},"end":{"line":27,"column":null}},"type":"if","locations":[{"start":{"line":19,"column":2},"end":{"line":27,"column":null}},{"start":{"line":24,"column":9},"end":{"line":27,"column":null}}]},"1":{"loc":{"start":{"line":21,"column":21},"end":{"line":21,"column":53}},"type":"binary-expr","locations":[{"start":{"line":21,"column":21},"end":{"line":21,"column":34}},{"start":{"line":21,"column":38},"end":{"line":21,"column":53}}]}},"s":{"0":1,"1":1,"2":1,"3":1,"4":1,"5":1,"6":0,"7":0},"f":{"0":1},"b":{"0":[1,0],"1":[1,0]}}
,"/home/jobatista/Driven/Projetos/Projeto_20_The_Reader/projeto_20_the_reader_back/src/middlewares/schemaValidationMiddleware.ts": {"path":"/home/jobatista/Driven/Projetos/Projeto_20_The_Reader/projeto_20_the_reader_back/src/middlewares/schemaValidationMiddleware.ts","statementMap":{"0":{"start":{"line":5,"column":2},"end":{"line":16,"column":4}},"1":{"start":{"line":6,"column":19},"end":{"line":6,"column":27}},"2":{"start":{"line":8,"column":23},"end":{"line":8,"column":46}},"3":{"start":{"line":9,"column":4},"end":{"line":13,"column":null}},"4":{"start":{"line":10,"column":6},"end":{"line":12,"column":68}},"5":{"start":{"line":15,"column":4},"end":{"line":15,"column":11}}},"fnMap":{"0":{"name":"validateSchema","decl":{"start":{"line":4,"column":24},"end":{"line":4,"column":38}},"loc":{"start":{"line":4,"column":59},"end":{"line":17,"column":1}}},"1":{"name":"(anonymous_1)","decl":{"start":{"line":5,"column":9},"end":{"line":5,"column":10}},"loc":{"start":{"line":5,"column":61},"end":{"line":16,"column":3}}}},"branchMap":{"0":{"loc":{"start":{"line":9,"column":4},"end":{"line":13,"column":null}},"type":"if","locations":[{"start":{"line":9,"column":4},"end":{"line":13,"column":null}}]}},"s":{"0":6,"1":8,"2":8,"3":8,"4":0,"5":8},"f":{"0":6,"1":8},"b":{"0":[0]}}
,"/home/jobatista/Driven/Projetos/Projeto_20_The_Reader/projeto_20_the_reader_back/src/middlewares/tokenValidationMiddleware.ts": {"path":"/home/jobatista/Driven/Projetos/Projeto_20_The_Reader/projeto_20_the_reader_back/src/middlewares/tokenValidationMiddleware.ts","statementMap":{"0":{"start":{"line":11,"column":28},"end":{"line":11,"column":39}},"1":{"start":{"line":13,"column":2},"end":{"line":15,"column":null}},"2":{"start":{"line":14,"column":4},"end":{"line":14,"column":62}},"3":{"start":{"line":17,"column":16},"end":{"line":17,"column":53}},"4":{"start":{"line":18,"column":17},"end":{"line":18,"column":49}},"5":{"start":{"line":19,"column":2},"end":{"line":19,"column":29}},"6":{"start":{"line":21,"column":2},"end":{"line":21,"column":9}}},"fnMap":{"0":{"name":"validateToken","decl":{"start":{"line":6,"column":24},"end":{"line":6,"column":37}},"loc":{"start":{"line":9,"column":20},"end":{"line":22,"column":1}}}},"branchMap":{"0":{"loc":{"start":{"line":13,"column":2},"end":{"line":15,"column":null}},"type":"if","locations":[{"start":{"line":13,"column":2},"end":{"line":15,"column":null}}]},"1":{"loc":{"start":{"line":13,"column":7},"end":{"line":13,"column":43}},"type":"cond-expr","locations":[{"start":{"line":13,"column":20},"end":{"line":13,"column":22}},{"start":{"line":13,"column":7},"end":{"line":13,"column":43}}]},"2":{"loc":{"start":{"line":13,"column":7},"end":{"line":13,"column":22}},"type":"binary-expr","locations":[{"start":{"line":13,"column":7},"end":{"line":13,"column":22}},{"start":{"line":13,"column":7},"end":{"line":13,"column":22}}]},"3":{"loc":{"start":{"line":17,"column":16},"end":{"line":17,"column":53}},"type":"cond-expr","locations":[{"start":{"line":17,"column":29},"end":{"line":17,"column":31}},{"start":{"line":17,"column":16},"end":{"line":17,"column":53}}]},"4":{"loc":{"start":{"line":17,"column":16},"end":{"line":17,"column":31}},"type":"binary-expr","locations":[{"start":{"line":17,"column":16},"end":{"line":17,"column":31}},{"start":{"line":17,"column":16},"end":{"line":17,"column":31}}]}},"s":{"0":15,"1":15,"2":0,"3":15,"4":15,"5":15,"6":15},"f":{"0":15},"b":{"0":[0],"1":[0,15],"2":[15,15],"3":[0,15],"4":[15,15]}}
,"/home/jobatista/Driven/Projetos/Projeto_20_The_Reader/projeto_20_the_reader_back/src/repositories/noteRepository.ts": {"path":"/home/jobatista/Driven/Projetos/Projeto_20_The_Reader/projeto_20_the_reader_back/src/repositories/noteRepository.ts","statementMap":{"0":{"start":{"line":7,"column":2},"end":{"line":7,"column":69}},"1":{"start":{"line":11,"column":16},"end":{"line":11,"column":68}},"2":{"start":{"line":12,"column":2},"end":{"line":12,"column":15}}},"fnMap":{"0":{"name":"insert","decl":{"start":{"line":6,"column":15},"end":{"line":6,"column":21}},"loc":{"start":{"line":6,"column":77},"end":{"line":8,"column":null}}},"1":{"name":"getByReadingId","decl":{"start":{"line":10,"column":15},"end":{"line":10,"column":29}},"loc":{"start":{"line":10,"column":47},"end":{"line":13,"column":null}}}},"branchMap":{},"s":{"0":1,"1":1,"2":1},"f":{"0":1,"1":1},"b":{}}
,"/home/jobatista/Driven/Projetos/Projeto_20_The_Reader/projeto_20_the_reader_back/src/repositories/readingIntentionRepository.ts": {"path":"/home/jobatista/Driven/Projetos/Projeto_20_The_Reader/projeto_20_the_reader_back/src/repositories/readingIntentionRepository.ts","statementMap":{"0":{"start":{"line":15,"column":2},"end":{"line":15,"column":70}},"1":{"start":{"line":19,"column":20},"end":{"line":21,"column":4}},"2":{"start":{"line":23,"column":2},"end":{"line":23,"column":19}},"3":{"start":{"line":27,"column":21},"end":{"line":30,"column":4}},"4":{"start":{"line":32,"column":2},"end":{"line":32,"column":20}},"5":{"start":{"line":39,"column":2},"end":{"line":42,"column":5}},"6":{"start":{"line":44,"column":2},"end":{"line":47,"column":5}},"7":{"start":{"line":49,"column":2},"end":{"line":52,"column":5}},"8":{"start":{"line":56,"column":2},"end":{"line":56,"column":58}},"9":{"start":{"line":60,"column":20},"end":{"line":60,"column":79}},"10":{"start":{"line":61,"column":2},"end":{"line":61,"column":19}}},"fnMap":{"0":{"name":"insert","decl":{"start":{"line":14,"column":15},"end":{"line":14,"column":21}},"loc":{"start":{"line":14,"column":70},"end":{"line":16,"column":null}}},"1":{"name":"findByTitle","decl":{"start":{"line":18,"column":15},"end":{"line":18,"column":26}},"loc":{"start":{"line":18,"column":56},"end":{"line":24,"column":null}}},"2":{"name":"findByUserId","decl":{"start":{"line":26,"column":15},"end":{"line":26,"column":27}},"loc":{"start":{"line":26,"column":42},"end":{"line":33,"column":null}}},"3":{"name":"swapIntentionPriorities","decl":{"start":{"line":35,"column":15},"end":{"line":35,"column":38}},"loc":{"start":{"line":37,"column":24},"end":{"line":53,"column":null}}},"4":{"name":"deleteById","decl":{"start":{"line":55,"column":15},"end":{"line":55,"column":25}},"loc":{"start":{"line":55,"column":36},"end":{"line":57,"column":null}}},"5":{"name":"findById","decl":{"start":{"line":59,"column":15},"end":{"line":59,"column":23}},"loc":{"start":{"line":59,"column":34},"end":{"line":62,"column":null}}}},"branchMap":{},"s":{"0":1,"1":1,"2":1,"3":3,"4":3,"5":2,"6":2,"7":2,"8":1,"9":1,"10":1},"f":{"0":1,"1":1,"2":3,"3":2,"4":1,"5":1},"b":{}}
,"/home/jobatista/Driven/Projetos/Projeto_20_The_Reader/projeto_20_the_reader_back/src/repositories/readingRepository.ts": {"path":"/home/jobatista/Driven/Projetos/Projeto_20_The_Reader/projeto_20_the_reader_back/src/repositories/readingRepository.ts","statementMap":{"0":{"start":{"line":10,"column":2},"end":{"line":10,"column":68}},"1":{"start":{"line":14,"column":18},"end":{"line":16,"column":4}},"2":{"start":{"line":18,"column":2},"end":{"line":18,"column":17}},"3":{"start":{"line":22,"column":19},"end":{"line":25,"column":4}},"4":{"start":{"line":27,"column":2},"end":{"line":27,"column":18}},"5":{"start":{"line":31,"column":2},"end":{"line":31,"column":80}},"6":{"start":{"line":35,"column":18},"end":{"line":35,"column":68}},"7":{"start":{"line":36,"column":2},"end":{"line":36,"column":17}},"8":{"start":{"line":40,"column":2},"end":{"line":40,"column":72}}},"fnMap":{"0":{"name":"insert","decl":{"start":{"line":9,"column":15},"end":{"line":9,"column":21}},"loc":{"start":{"line":9,"column":68},"end":{"line":11,"column":null}}},"1":{"name":"findUnfinishedByTitle","decl":{"start":{"line":13,"column":15},"end":{"line":13,"column":36}},"loc":{"start":{"line":13,"column":66},"end":{"line":19,"column":null}}},"2":{"name":"findByUserId","decl":{"start":{"line":21,"column":15},"end":{"line":21,"column":27}},"loc":{"start":{"line":21,"column":42},"end":{"line":28,"column":null}}},"3":{"name":"finishById","decl":{"start":{"line":30,"column":15},"end":{"line":30,"column":25}},"loc":{"start":{"line":30,"column":36},"end":{"line":32,"column":null}}},"4":{"name":"findById","decl":{"start":{"line":34,"column":15},"end":{"line":34,"column":23}},"loc":{"start":{"line":34,"column":34},"end":{"line":37,"column":null}}},"5":{"name":"bookmarkById","decl":{"start":{"line":39,"column":15},"end":{"line":39,"column":27}},"loc":{"start":{"line":39,"column":59},"end":{"line":41,"column":null}}}},"branchMap":{},"s":{"0":2,"1":3,"2":3,"3":1,"4":1,"5":1,"6":4,"7":4,"8":1},"f":{"0":2,"1":3,"2":1,"3":1,"4":4,"5":1},"b":{}}
,"/home/jobatista/Driven/Projetos/Projeto_20_The_Reader/projeto_20_the_reader_back/src/repositories/userRepository.ts": {"path":"/home/jobatista/Driven/Projetos/Projeto_20_The_Reader/projeto_20_the_reader_back/src/repositories/userRepository.ts","statementMap":{"0":{"start":{"line":7,"column":2},"end":{"line":7,"column":37}},"1":{"start":{"line":11,"column":15},"end":{"line":11,"column":65}},"2":{"start":{"line":12,"column":2},"end":{"line":12,"column":14}}},"fnMap":{"0":{"name":"insert","decl":{"start":{"line":6,"column":15},"end":{"line":6,"column":21}},"loc":{"start":{"line":6,"column":42},"end":{"line":8,"column":null}}},"1":{"name":"findByEmail","decl":{"start":{"line":10,"column":15},"end":{"line":10,"column":26}},"loc":{"start":{"line":10,"column":40},"end":{"line":13,"column":null}}}},"branchMap":{},"s":{"0":3,"1":5,"2":5},"f":{"0":3,"1":5},"b":{}}
,"/home/jobatista/Driven/Projetos/Projeto_20_The_Reader/projeto_20_the_reader_back/src/routers/authRouter.ts": {"path":"/home/jobatista/Driven/Projetos/Projeto_20_The_Reader/projeto_20_the_reader_back/src/routers/authRouter.ts","statementMap":{"0":{"start":{"line":7,"column":19},"end":{"line":7,"column":27}},"1":{"start":{"line":9,"column":0},"end":{"line":13,"column":2}}},"fnMap":{},"branchMap":{},"s":{"0":1,"1":1},"f":{},"b":{}}
,"/home/jobatista/Driven/Projetos/Projeto_20_The_Reader/projeto_20_the_reader_back/src/routers/noteRouter.ts": {"path":"/home/jobatista/Driven/Projetos/Projeto_20_The_Reader/projeto_20_the_reader_back/src/routers/noteRouter.ts","statementMap":{"0":{"start":{"line":8,"column":19},"end":{"line":8,"column":27}},"1":{"start":{"line":9,"column":0},"end":{"line":9,"column":30}},"2":{"start":{"line":11,"column":0},"end":{"line":15,"column":2}},"3":{"start":{"line":16,"column":0},"end":{"line":16,"column":49}}},"fnMap":{},"branchMap":{},"s":{"0":1,"1":1,"2":1,"3":1},"f":{},"b":{}}
,"/home/jobatista/Driven/Projetos/Projeto_20_The_Reader/projeto_20_the_reader_back/src/routers/readingIntentionRouter.ts": {"path":"/home/jobatista/Driven/Projetos/Projeto_20_The_Reader/projeto_20_the_reader_back/src/routers/readingIntentionRouter.ts","statementMap":{"0":{"start":{"line":8,"column":31},"end":{"line":8,"column":39}},"1":{"start":{"line":9,"column":0},"end":{"line":9,"column":42}},"2":{"start":{"line":11,"column":0},"end":{"line":15,"column":2}},"3":{"start":{"line":17,"column":0},"end":{"line":17,"column":64}},"4":{"start":{"line":19,"column":0},"end":{"line":22,"column":2}},"5":{"start":{"line":24,"column":0},"end":{"line":27,"column":2}},"6":{"start":{"line":29,"column":0},"end":{"line":29,"column":80}}},"fnMap":{},"branchMap":{},"s":{"0":1,"1":1,"2":1,"3":1,"4":1,"5":1,"6":1},"f":{},"b":{}}
,"/home/jobatista/Driven/Projetos/Projeto_20_The_Reader/projeto_20_the_reader_back/src/routers/readingRouter.ts": {"path":"/home/jobatista/Driven/Projetos/Projeto_20_The_Reader/projeto_20_the_reader_back/src/routers/readingRouter.ts","statementMap":{"0":{"start":{"line":9,"column":22},"end":{"line":9,"column":30}},"1":{"start":{"line":10,"column":0},"end":{"line":10,"column":33}},"2":{"start":{"line":12,"column":0},"end":{"line":16,"column":2}},"3":{"start":{"line":18,"column":0},"end":{"line":18,"column":46}},"4":{"start":{"line":19,"column":0},"end":{"line":19,"column":61}},"5":{"start":{"line":21,"column":0},"end":{"line":25,"column":2}}},"fnMap":{},"branchMap":{},"s":{"0":1,"1":1,"2":1,"3":1,"4":1,"5":1},"f":{},"b":{}}
,"/home/jobatista/Driven/Projetos/Projeto_20_The_Reader/projeto_20_the_reader_back/src/routers/routes.ts": {"path":"/home/jobatista/Driven/Projetos/Projeto_20_The_Reader/projeto_20_the_reader_back/src/routers/routes.ts","statementMap":{"0":{"start":{"line":9,"column":15},"end":{"line":9,"column":23}},"1":{"start":{"line":11,"column":0},"end":{"line":11,"column":33}},"2":{"start":{"line":12,"column":0},"end":{"line":12,"column":32}},"3":{"start":{"line":13,"column":0},"end":{"line":13,"column":39}},"4":{"start":{"line":14,"column":0},"end":{"line":14,"column":58}},"5":{"start":{"line":15,"column":0},"end":{"line":15,"column":36}}},"fnMap":{},"branchMap":{},"s":{"0":1,"1":1,"2":1,"3":1,"4":1,"5":1},"f":{},"b":{}}
,"/home/jobatista/Driven/Projetos/Projeto_20_The_Reader/projeto_20_the_reader_back/src/routers/userRouter.ts": {"path":"/home/jobatista/Driven/Projetos/Projeto_20_The_Reader/projeto_20_the_reader_back/src/routers/userRouter.ts","statementMap":{"0":{"start":{"line":7,"column":19},"end":{"line":7,"column":27}},"1":{"start":{"line":9,"column":0},"end":{"line":9,"column":72}}},"fnMap":{},"branchMap":{},"s":{"0":1,"1":1},"f":{},"b":{}}
,"/home/jobatista/Driven/Projetos/Projeto_20_The_Reader/projeto_20_the_reader_back/src/schemas/bookmarkSchema.ts": {"path":"/home/jobatista/Driven/Projetos/Projeto_20_The_Reader/projeto_20_the_reader_back/src/schemas/bookmarkSchema.ts","statementMap":{"0":{"start":{"line":3,"column":23},"end":{"line":5,"column":2}}},"fnMap":{},"branchMap":{},"s":{"0":1},"f":{},"b":{}}
,"/home/jobatista/Driven/Projetos/Projeto_20_The_Reader/projeto_20_the_reader_back/src/schemas/noteSchema.ts": {"path":"/home/jobatista/Driven/Projetos/Projeto_20_The_Reader/projeto_20_the_reader_back/src/schemas/noteSchema.ts","statementMap":{"0":{"start":{"line":4,"column":19},"end":{"line":9,"column":2}}},"fnMap":{},"branchMap":{},"s":{"0":1},"f":{},"b":{}}
,"/home/jobatista/Driven/Projetos/Projeto_20_The_Reader/projeto_20_the_reader_back/src/schemas/readingIntentionSchema.ts": {"path":"/home/jobatista/Driven/Projetos/Projeto_20_The_Reader/projeto_20_the_reader_back/src/schemas/readingIntentionSchema.ts","statementMap":{"0":{"start":{"line":5,"column":31},"end":{"line":9,"column":2}}},"fnMap":{},"branchMap":{},"s":{"0":1},"f":{},"b":{}}
,"/home/jobatista/Driven/Projetos/Projeto_20_The_Reader/projeto_20_the_reader_back/src/schemas/readingSchema.ts": {"path":"/home/jobatista/Driven/Projetos/Projeto_20_The_Reader/projeto_20_the_reader_back/src/schemas/readingSchema.ts","statementMap":{"0":{"start":{"line":5,"column":22},"end":{"line":11,"column":2}}},"fnMap":{},"branchMap":{},"s":{"0":1},"f":{},"b":{}}
,"/home/jobatista/Driven/Projetos/Projeto_20_The_Reader/projeto_20_the_reader_back/src/schemas/signInSchema.ts": {"path":"/home/jobatista/Driven/Projetos/Projeto_20_The_Reader/projeto_20_the_reader_back/src/schemas/signInSchema.ts","statementMap":{"0":{"start":{"line":4,"column":21},"end":{"line":7,"column":2}}},"fnMap":{},"branchMap":{},"s":{"0":1},"f":{},"b":{}}
,"/home/jobatista/Driven/Projetos/Projeto_20_The_Reader/projeto_20_the_reader_back/src/schemas/userSchema.ts": {"path":"/home/jobatista/Driven/Projetos/Projeto_20_The_Reader/projeto_20_the_reader_back/src/schemas/userSchema.ts","statementMap":{"0":{"start":{"line":4,"column":19},"end":{"line":8,"column":2}}},"fnMap":{},"branchMap":{},"s":{"0":1},"f":{},"b":{}}
,"/home/jobatista/Driven/Projetos/Projeto_20_The_Reader/projeto_20_the_reader_back/src/services/authService.ts": {"path":"/home/jobatista/Driven/Projetos/Projeto_20_The_Reader/projeto_20_the_reader_back/src/services/authService.ts","statementMap":{"0":{"start":{"line":13,"column":30},"end":{"line":13,"column":34}},"1":{"start":{"line":15,"column":15},"end":{"line":15,"column":54}},"2":{"start":{"line":16,"column":2},"end":{"line":18,"column":null}},"3":{"start":{"line":17,"column":4},"end":{"line":17,"column":68}},"4":{"start":{"line":20,"column":2},"end":{"line":22,"column":null}},"5":{"start":{"line":21,"column":4},"end":{"line":21,"column":47}},"6":{"start":{"line":24,"column":16},"end":{"line":24,"column":69}},"7":{"start":{"line":26,"column":2},"end":{"line":26,"column":36}},"8":{"start":{"line":30,"column":20},"end":{"line":30,"column":42}},"9":{"start":{"line":31,"column":2},"end":{"line":37,"column":null}},"10":{"start":{"line":32,"column":23},"end":{"line":32,"column":73}},"11":{"start":{"line":34,"column":4},"end":{"line":34,"column":18}},"12":{"start":{"line":36,"column":4},"end":{"line":36,"column":62}}},"fnMap":{"0":{"name":"signIn","decl":{"start":{"line":12,"column":15},"end":{"line":12,"column":21}},"loc":{"start":{"line":12,"column":38},"end":{"line":27,"column":null}}},"1":{"name":"validateToken","decl":{"start":{"line":29,"column":9},"end":{"line":29,"column":22}},"loc":{"start":{"line":29,"column":36},"end":{"line":38,"column":1}}}},"branchMap":{"0":{"loc":{"start":{"line":16,"column":2},"end":{"line":18,"column":null}},"type":"if","locations":[{"start":{"line":16,"column":2},"end":{"line":18,"column":null}}]},"1":{"loc":{"start":{"line":20,"column":2},"end":{"line":22,"column":null}},"type":"if","locations":[{"start":{"line":20,"column":2},"end":{"line":22,"column":null}}]}},"s":{"0":4,"1":4,"2":4,"3":1,"4":3,"5":1,"6":2,"7":2,"8":17,"9":17,"10":17,"11":16,"12":1},"f":{"0":4,"1":17},"b":{"0":[1],"1":[1]}}
,"/home/jobatista/Driven/Projetos/Projeto_20_The_Reader/projeto_20_the_reader_back/src/services/noteService.ts": {"path":"/home/jobatista/Driven/Projetos/Projeto_20_The_Reader/projeto_20_the_reader_back/src/services/noteService.ts","statementMap":{"0":{"start":{"line":7,"column":18},"end":{"line":7,"column":64}},"1":{"start":{"line":8,"column":2},"end":{"line":8,"column":57}},"2":{"start":{"line":10,"column":2},"end":{"line":10,"column":55}},"3":{"start":{"line":14,"column":18},"end":{"line":14,"column":64}},"4":{"start":{"line":15,"column":2},"end":{"line":15,"column":57}},"5":{"start":{"line":17,"column":16},"end":{"line":17,"column":62}},"6":{"start":{"line":18,"column":2},"end":{"line":18,"column":15}}},"fnMap":{"0":{"name":"create","decl":{"start":{"line":6,"column":15},"end":{"line":6,"column":21}},"loc":{"start":{"line":6,"column":77},"end":{"line":11,"column":null}}},"1":{"name":"getByReadingId","decl":{"start":{"line":13,"column":15},"end":{"line":13,"column":29}},"loc":{"start":{"line":13,"column":63},"end":{"line":19,"column":null}}}},"branchMap":{},"s":{"0":1,"1":1,"2":1,"3":1,"4":1,"5":1,"6":1},"f":{"0":1,"1":1},"b":{}}
,"/home/jobatista/Driven/Projetos/Projeto_20_The_Reader/projeto_20_the_reader_back/src/services/readingIntentionService.ts": {"path":"/home/jobatista/Driven/Projetos/Projeto_20_The_Reader/projeto_20_the_reader_back/src/services/readingIntentionService.ts","statementMap":{"0":{"start":{"line":11,"column":20},"end":{"line":11,"column":24}},"1":{"start":{"line":13,"column":19},"end":{"line":13,"column":78}},"2":{"start":{"line":14,"column":2},"end":{"line":16,"column":null}},"3":{"start":{"line":15,"column":4},"end":{"line":15,"column":74}},"4":{"start":{"line":18,"column":2},"end":{"line":18,"column":56}},"5":{"start":{"line":22,"column":21},"end":{"line":22,"column":68}},"6":{"start":{"line":23,"column":2},"end":{"line":23,"column":20}},"7":{"start":{"line":27,"column":21},"end":{"line":27,"column":74}},"8":{"start":{"line":28,"column":20},"end":{"line":28,"column":41}},"9":{"start":{"line":31,"column":2},"end":{"line":35,"column":null}},"10":{"start":{"line":32,"column":4},"end":{"line":34,"column":6}},"11":{"start":{"line":37,"column":2},"end":{"line":37,"column":38}},"12":{"start":{"line":37,"column":31},"end":{"line":37,"column":38}},"13":{"start":{"line":40,"column":2},"end":{"line":51,"column":null}},"14":{"start":{"line":40,"column":15},"end":{"line":40,"column":16}},"15":{"start":{"line":41,"column":4},"end":{"line":50,"column":null}},"16":{"start":{"line":42,"column":39},"end":{"line":42,"column":52}},"17":{"start":{"line":43,"column":22},"end":{"line":43,"column":46}},"18":{"start":{"line":44,"column":39},"end":{"line":44,"column":56}},"19":{"start":{"line":45,"column":19},"end":{"line":45,"column":43}},"20":{"start":{"line":48,"column":6},"end":{"line":48,"column":78}},"21":{"start":{"line":49,"column":6},"end":{"line":49,"column":13}},"22":{"start":{"line":54,"column":2},"end":{"line":56,"column":4}},"23":{"start":{"line":60,"column":21},"end":{"line":60,"column":74}},"24":{"start":{"line":61,"column":20},"end":{"line":61,"column":41}},"25":{"start":{"line":64,"column":2},"end":{"line":68,"column":null}},"26":{"start":{"line":65,"column":4},"end":{"line":67,"column":6}},"27":{"start":{"line":70,"column":2},"end":{"line":70,"column":46}},"28":{"start":{"line":70,"column":39},"end":{"line":70,"column":46}},"29":{"start":{"line":73,"column":2},"end":{"line":84,"column":null}},"30":{"start":{"line":73,"column":15},"end":{"line":73,"column":16}},"31":{"start":{"line":74,"column":4},"end":{"line":83,"column":null}},"32":{"start":{"line":75,"column":39},"end":{"line":75,"column":52}},"33":{"start":{"line":76,"column":22},"end":{"line":76,"column":46}},"34":{"start":{"line":77,"column":39},"end":{"line":77,"column":56}},"35":{"start":{"line":78,"column":19},"end":{"line":78,"column":43}},"36":{"start":{"line":81,"column":6},"end":{"line":81,"column":78}},"37":{"start":{"line":82,"column":6},"end":{"line":82,"column":13}},"38":{"start":{"line":87,"column":2},"end":{"line":89,"column":4}},"39":{"start":{"line":93,"column":20},"end":{"line":93,"column":44}},"40":{"start":{"line":95,"column":2},"end":{"line":97,"column":null}},"41":{"start":{"line":96,"column":4},"end":{"line":96,"column":70}},"42":{"start":{"line":99,"column":2},"end":{"line":99,"column":50}},"43":{"start":{"line":103,"column":20},"end":{"line":103,"column":65}},"44":{"start":{"line":104,"column":2},"end":{"line":106,"column":null}},"45":{"start":{"line":105,"column":4},"end":{"line":105,"column":76}},"46":{"start":{"line":108,"column":2},"end":{"line":108,"column":19}}},"fnMap":{"0":{"name":"create","decl":{"start":{"line":10,"column":15},"end":{"line":10,"column":21}},"loc":{"start":{"line":10,"column":70},"end":{"line":19,"column":null}}},"1":{"name":"getByUserId","decl":{"start":{"line":21,"column":15},"end":{"line":21,"column":26}},"loc":{"start":{"line":21,"column":41},"end":{"line":24,"column":null}}},"2":{"name":"increasePriorityById","decl":{"start":{"line":26,"column":15},"end":{"line":26,"column":35}},"loc":{"start":{"line":26,"column":62},"end":{"line":57,"column":null}}},"3":{"name":"decreasePriorityById","decl":{"start":{"line":59,"column":15},"end":{"line":59,"column":35}},"loc":{"start":{"line":59,"column":62},"end":{"line":90,"column":null}}},"4":{"name":"deleteById","decl":{"start":{"line":92,"column":15},"end":{"line":92,"column":25}},"loc":{"start":{"line":92,"column":52},"end":{"line":100,"column":null}}},"5":{"name":"findByIdOrFail","decl":{"start":{"line":102,"column":15},"end":{"line":102,"column":29}},"loc":{"start":{"line":102,"column":40},"end":{"line":109,"column":null}}}},"branchMap":{"0":{"loc":{"start":{"line":14,"column":2},"end":{"line":16,"column":null}},"type":"if","locations":[{"start":{"line":14,"column":2},"end":{"line":16,"column":null}}]},"1":{"loc":{"start":{"line":31,"column":2},"end":{"line":35,"column":null}},"type":"if","locations":[{"start":{"line":31,"column":2},"end":{"line":35,"column":null}}]},"2":{"loc":{"start":{"line":37,"column":2},"end":{"line":37,"column":38}},"type":"if","locations":[{"start":{"line":37,"column":2},"end":{"line":37,"column":38}}]},"3":{"loc":{"start":{"line":41,"column":4},"end":{"line":50,"column":null}},"type":"if","locations":[{"start":{"line":41,"column":4},"end":{"line":50,"column":null}}]},"4":{"loc":{"start":{"line":64,"column":2},"end":{"line":68,"column":null}},"type":"if","locations":[{"start":{"line":64,"column":2},"end":{"line":68,"column":null}}]},"5":{"loc":{"start":{"line":70,"column":2},"end":{"line":70,"column":46}},"type":"if","locations":[{"start":{"line":70,"column":2},"end":{"line":70,"column":46}}]},"6":{"loc":{"start":{"line":74,"column":4},"end":{"line":83,"column":null}},"type":"if","locations":[{"start":{"line":74,"column":4},"end":{"line":83,"column":null}}]},"7":{"loc":{"start":{"line":95,"column":2},"end":{"line":97,"column":null}},"type":"if","locations":[{"start":{"line":95,"column":2},"end":{"line":97,"column":null}}]},"8":{"loc":{"start":{"line":104,"column":2},"end":{"line":106,"column":null}},"type":"if","locations":[{"start":{"line":104,"column":2},"end":{"line":106,"column":null}}]}},"s":{"0":2,"1":2,"2":2,"3":1,"4":1,"5":1,"6":1,"7":4,"8":4,"9":4,"10":1,"11":3,"12":1,"13":2,"14":2,"15":1,"16":1,"17":1,"18":1,"19":1,"20":1,"21":1,"22":1,"23":4,"24":4,"25":4,"26":1,"27":3,"28":1,"29":2,"30":2,"31":1,"32":1,"33":1,"34":1,"35":1,"36":1,"37":1,"38":1,"39":3,"40":2,"41":1,"42":1,"43":3,"44":3,"45":1,"46":2},"f":{"0":2,"1":1,"2":4,"3":4,"4":3,"5":3},"b":{"0":[1],"1":[1],"2":[1],"3":[1],"4":[1],"5":[1],"6":[1],"7":[1],"8":[1]}}
,"/home/jobatista/Driven/Projetos/Projeto_20_The_Reader/projeto_20_the_reader_back/src/services/readingService.ts": {"path":"/home/jobatista/Driven/Projetos/Projeto_20_The_Reader/projeto_20_the_reader_back/src/services/readingService.ts","statementMap":{"0":{"start":{"line":12,"column":20},"end":{"line":12,"column":24}},"1":{"start":{"line":14,"column":28},"end":{"line":16,"column":null}},"2":{"start":{"line":18,"column":2},"end":{"line":20,"column":null}},"3":{"start":{"line":19,"column":4},"end":{"line":19,"column":74}},"4":{"start":{"line":22,"column":2},"end":{"line":22,"column":47}},"5":{"start":{"line":26,"column":19},"end":{"line":26,"column":63}},"6":{"start":{"line":27,"column":2},"end":{"line":27,"column":18}},"7":{"start":{"line":31,"column":18},"end":{"line":31,"column":42}},"8":{"start":{"line":33,"column":2},"end":{"line":33,"column":42}},"9":{"start":{"line":35,"column":2},"end":{"line":37,"column":null}},"10":{"start":{"line":36,"column":4},"end":{"line":36,"column":55}},"11":{"start":{"line":39,"column":2},"end":{"line":39,"column":41}},"12":{"start":{"line":43,"column":18},"end":{"line":43,"column":54}},"13":{"start":{"line":44,"column":2},"end":{"line":46,"column":null}},"14":{"start":{"line":45,"column":4},"end":{"line":45,"column":64}},"15":{"start":{"line":48,"column":2},"end":{"line":48,"column":17}},"16":{"start":{"line":52,"column":18},"end":{"line":52,"column":42}},"17":{"start":{"line":54,"column":2},"end":{"line":54,"column":42}},"18":{"start":{"line":56,"column":2},"end":{"line":58,"column":null}},"19":{"start":{"line":57,"column":4},"end":{"line":57,"column":55}},"20":{"start":{"line":60,"column":2},"end":{"line":60,"column":49}},"21":{"start":{"line":64,"column":2},"end":{"line":66,"column":null}},"22":{"start":{"line":65,"column":4},"end":{"line":65,"column":58}}},"fnMap":{"0":{"name":"create","decl":{"start":{"line":11,"column":15},"end":{"line":11,"column":21}},"loc":{"start":{"line":11,"column":61},"end":{"line":23,"column":null}}},"1":{"name":"getByUserId","decl":{"start":{"line":25,"column":15},"end":{"line":25,"column":26}},"loc":{"start":{"line":25,"column":41},"end":{"line":28,"column":null}}},"2":{"name":"finishById","decl":{"start":{"line":30,"column":15},"end":{"line":30,"column":25}},"loc":{"start":{"line":30,"column":52},"end":{"line":40,"column":null}}},"3":{"name":"findByIdOrFail","decl":{"start":{"line":42,"column":15},"end":{"line":42,"column":29}},"loc":{"start":{"line":42,"column":40},"end":{"line":49,"column":null}}},"4":{"name":"bookmarkById","decl":{"start":{"line":51,"column":15},"end":{"line":51,"column":27}},"loc":{"start":{"line":51,"column":68},"end":{"line":61,"column":null}}},"5":{"name":"checkIfReadingIsOfUser","decl":{"start":{"line":63,"column":9},"end":{"line":63,"column":31}},"loc":{"start":{"line":63,"column":64},"end":{"line":67,"column":1}}}},"branchMap":{"0":{"loc":{"start":{"line":18,"column":2},"end":{"line":20,"column":null}},"type":"if","locations":[{"start":{"line":18,"column":2},"end":{"line":20,"column":null}}]},"1":{"loc":{"start":{"line":35,"column":2},"end":{"line":37,"column":null}},"type":"if","locations":[{"start":{"line":35,"column":2},"end":{"line":37,"column":null}}]},"2":{"loc":{"start":{"line":44,"column":2},"end":{"line":46,"column":null}},"type":"if","locations":[{"start":{"line":44,"column":2},"end":{"line":46,"column":null}}]},"3":{"loc":{"start":{"line":56,"column":2},"end":{"line":58,"column":null}},"type":"if","locations":[{"start":{"line":56,"column":2},"end":{"line":58,"column":null}}]},"4":{"loc":{"start":{"line":64,"column":2},"end":{"line":66,"column":null}},"type":"if","locations":[{"start":{"line":64,"column":2},"end":{"line":66,"column":null}}]}},"s":{"0":3,"1":3,"2":3,"3":1,"4":2,"5":1,"6":1,"7":4,"8":3,"9":2,"10":1,"11":1,"12":10,"13":10,"14":2,"15":8,"16":4,"17":3,"18":2,"19":1,"20":1,"21":8,"22":2},"f":{"0":3,"1":1,"2":4,"3":10,"4":4,"5":8},"b":{"0":[1],"1":[1],"2":[2],"3":[1],"4":[2]}}
,"/home/jobatista/Driven/Projetos/Projeto_20_The_Reader/projeto_20_the_reader_back/src/services/userService.ts": {"path":"/home/jobatista/Driven/Projetos/Projeto_20_The_Reader/projeto_20_the_reader_back/src/services/userService.ts","statementMap":{"0":{"start":{"line":9,"column":30},"end":{"line":9,"column":34}},"1":{"start":{"line":11,"column":23},"end":{"line":11,"column":62}},"2":{"start":{"line":12,"column":2},"end":{"line":14,"column":null}},"3":{"start":{"line":13,"column":4},"end":{"line":13,"column":70}},"4":{"start":{"line":16,"column":25},"end":{"line":16,"column":54}},"5":{"start":{"line":18,"column":2},"end":{"line":18,"column":69}}},"fnMap":{"0":{"name":"create","decl":{"start":{"line":8,"column":15},"end":{"line":8,"column":21}},"loc":{"start":{"line":8,"column":42},"end":{"line":19,"column":null}}}},"branchMap":{"0":{"loc":{"start":{"line":12,"column":2},"end":{"line":14,"column":null}},"type":"if","locations":[{"start":{"line":12,"column":2},"end":{"line":14,"column":null}}]}},"s":{"0":4,"1":4,"2":4,"3":1,"4":3,"5":3},"f":{"0":4},"b":{"0":[1]}}
,"/home/jobatista/Driven/Projetos/Projeto_20_The_Reader/projeto_20_the_reader_back/src/utils/errorUtils.ts": {"path":"/home/jobatista/Driven/Projetos/Projeto_20_The_Reader/projeto_20_the_reader_back/src/utils/errorUtils.ts","statementMap":{"0":{"start":{"line":9,"column":2},"end":{"line":12,"column":4}},"1":{"start":{"line":16,"column":2},"end":{"line":19,"column":4}},"2":{"start":{"line":23,"column":2},"end":{"line":26,"column":4}},"3":{"start":{"line":30,"column":2},"end":{"line":39,"column":null}},"4":{"start":{"line":32,"column":6},"end":{"line":32,"column":17}},"5":{"start":{"line":34,"column":6},"end":{"line":34,"column":17}},"6":{"start":{"line":36,"column":6},"end":{"line":36,"column":17}},"7":{"start":{"line":38,"column":6},"end":{"line":38,"column":17}}},"fnMap":{"0":{"name":"conflictError","decl":{"start":{"line":8,"column":16},"end":{"line":8,"column":29}},"loc":{"start":{"line":8,"column":45},"end":{"line":13,"column":1}}},"1":{"name":"notFoundError","decl":{"start":{"line":15,"column":16},"end":{"line":15,"column":29}},"loc":{"start":{"line":15,"column":45},"end":{"line":20,"column":1}}},"2":{"name":"unauthorizedError","decl":{"start":{"line":22,"column":16},"end":{"line":22,"column":33}},"loc":{"start":{"line":22,"column":49},"end":{"line":27,"column":1}}},"3":{"name":"getErrorHttpStatus","decl":{"start":{"line":29,"column":16},"end":{"line":29,"column":34}},"loc":{"start":{"line":29,"column":53},"end":{"line":40,"column":1}}}},"branchMap":{"0":{"loc":{"start":{"line":30,"column":2},"end":{"line":39,"column":null}},"type":"switch","locations":[{"start":{"line":31,"column":4},"end":{"line":32,"column":17}},{"start":{"line":33,"column":4},"end":{"line":34,"column":17}},{"start":{"line":35,"column":4},"end":{"line":36,"column":17}},{"start":{"line":37,"column":4},"end":{"line":38,"column":17}}]}},"s":{"0":5,"1":8,"2":5,"3":1,"4":0,"5":0,"6":1,"7":0},"f":{"0":5,"1":8,"2":5,"3":1},"b":{"0":[0,0,1,0]}}
,"/home/jobatista/Driven/Projetos/Projeto_20_The_Reader/projeto_20_the_reader_back/tests/factories/noteBodyFactory.ts": {"path":"/home/jobatista/Driven/Projetos/Projeto_20_The_Reader/projeto_20_the_reader_back/tests/factories/noteBodyFactory.ts","statementMap":{"0":{"start":{"line":6,"column":2},"end":{"line":11,"column":4}}},"fnMap":{"0":{"name":"noteBodyFactory","decl":{"start":{"line":5,"column":24},"end":{"line":5,"column":39}},"loc":{"start":{"line":5,"column":39},"end":{"line":12,"column":1}}}},"branchMap":{},"s":{"0":4},"f":{"0":4},"b":{}}
,"/home/jobatista/Driven/Projetos/Projeto_20_The_Reader/projeto_20_the_reader_back/tests/factories/readingBodyFactory.ts": {"path":"/home/jobatista/Driven/Projetos/Projeto_20_The_Reader/projeto_20_the_reader_back/tests/factories/readingBodyFactory.ts","statementMap":{"0":{"start":{"line":6,"column":2},"end":{"line":12,"column":4}}},"fnMap":{"0":{"name":"readingBodyFactory","decl":{"start":{"line":5,"column":24},"end":{"line":5,"column":42}},"loc":{"start":{"line":5,"column":42},"end":{"line":13,"column":1}}}},"branchMap":{},"s":{"0":15},"f":{"0":15},"b":{}}
,"/home/jobatista/Driven/Projetos/Projeto_20_The_Reader/projeto_20_the_reader_back/tests/factories/readingIntentionBodyFactory.ts": {"path":"/home/jobatista/Driven/Projetos/Projeto_20_The_Reader/projeto_20_the_reader_back/tests/factories/readingIntentionBodyFactory.ts","statementMap":{"0":{"start":{"line":6,"column":2},"end":{"line":10,"column":4}}},"fnMap":{"0":{"name":"readingIntentionBodyFactory","decl":{"start":{"line":5,"column":24},"end":{"line":5,"column":51}},"loc":{"start":{"line":5,"column":51},"end":{"line":11,"column":1}}}},"branchMap":{},"s":{"0":10},"f":{"0":10},"b":{}}
,"/home/jobatista/Driven/Projetos/Projeto_20_The_Reader/projeto_20_the_reader_back/tests/factories/signInBodyFactory.ts": {"path":"/home/jobatista/Driven/Projetos/Projeto_20_The_Reader/projeto_20_the_reader_back/tests/factories/signInBodyFactory.ts","statementMap":{"0":{"start":{"line":6,"column":2},"end":{"line":9,"column":4}}},"fnMap":{"0":{"name":"signInBodyFactory","decl":{"start":{"line":5,"column":24},"end":{"line":5,"column":41}},"loc":{"start":{"line":5,"column":41},"end":{"line":10,"column":1}}}},"branchMap":{},"s":{"0":2},"f":{"0":2},"b":{}}
,"/home/jobatista/Driven/Projetos/Projeto_20_The_Reader/projeto_20_the_reader_back/tests/factories/userBodyFactory.ts": {"path":"/home/jobatista/Driven/Projetos/Projeto_20_The_Reader/projeto_20_the_reader_back/tests/factories/userBodyFactory.ts","statementMap":{"0":{"start":{"line":6,"column":2},"end":{"line":10,"column":4}}},"fnMap":{"0":{"name":"userBodyFactory","decl":{"start":{"line":5,"column":24},"end":{"line":5,"column":39}},"loc":{"start":{"line":5,"column":39},"end":{"line":11,"column":1}}}},"branchMap":{},"s":{"0":4},"f":{"0":4},"b":{}}
}
