{"/home/jobatista/Driven/Projetos/Projeto_20_The_Reader/projeto_20_the_reader_back/src/app.ts": {"path":"/home/jobatista/Driven/Projetos/Projeto_20_The_Reader/projeto_20_the_reader_back/src/app.ts","statementMap":{"0":{"start":{"line":8,"column":12},"end":{"line":8,"column":21}},"1":{"start":{"line":9,"column":0},"end":{"line":9,"column":16}},"2":{"start":{"line":10,"column":0},"end":{"line":10,"column":16}},"3":{"start":{"line":11,"column":0},"end":{"line":11,"column":16}},"4":{"start":{"line":12,"column":0},"end":{"line":12,"column":22}}},"fnMap":{},"branchMap":{},"s":{"0":1,"1":1,"2":1,"3":1,"4":1},"f":{},"b":{}}
,"/home/jobatista/Driven/Projetos/Projeto_20_The_Reader/projeto_20_the_reader_back/src/database.ts": {"path":"/home/jobatista/Driven/Projetos/Projeto_20_The_Reader/projeto_20_the_reader_back/src/database.ts","statementMap":{"0":{"start":{"line":3,"column":25},"end":{"line":3,"column":28}},"1":{"start":{"line":5,"column":15},"end":{"line":5,"column":33}}},"fnMap":{},"branchMap":{},"s":{"0":4,"1":4},"f":{},"b":{}}
,"/home/jobatista/Driven/Projetos/Projeto_20_The_Reader/projeto_20_the_reader_back/src/controllers/authController.ts": {"path":"/home/jobatista/Driven/Projetos/Projeto_20_The_Reader/projeto_20_the_reader_back/src/controllers/authController.ts","statementMap":{"0":{"start":{"line":6,"column":22},"end":{"line":6,"column":44}},"1":{"start":{"line":8,"column":15},"end":{"line":8,"column":52}},"2":{"start":{"line":10,"column":2},"end":{"line":10,"column":29}}},"fnMap":{"0":{"name":"signIn","decl":{"start":{"line":5,"column":15},"end":{"line":5,"column":21}},"loc":{"start":{"line":5,"column":49},"end":{"line":11,"column":null}}}},"branchMap":{},"s":{"0":1,"1":1,"2":1},"f":{"0":1},"b":{}}
,"/home/jobatista/Driven/Projetos/Projeto_20_The_Reader/projeto_20_the_reader_back/src/controllers/readingController.ts": {"path":"/home/jobatista/Driven/Projetos/Projeto_20_The_Reader/projeto_20_the_reader_back/src/controllers/readingController.ts","statementMap":{"0":{"start":{"line":7,"column":18},"end":{"line":7,"column":47}},"1":{"start":{"line":8,"column":21},"end":{"line":8,"column":53}},"2":{"start":{"line":10,"column":2},"end":{"line":10,"column":47}},"3":{"start":{"line":12,"column":2},"end":{"line":12,"column":22}},"4":{"start":{"line":16,"column":21},"end":{"line":16,"column":53}},"5":{"start":{"line":18,"column":19},"end":{"line":18,"column":59}},"6":{"start":{"line":20,"column":2},"end":{"line":20,"column":21}},"7":{"start":{"line":24,"column":21},"end":{"line":24,"column":53}},"8":{"start":{"line":25,"column":13},"end":{"line":25,"column":36}},"9":{"start":{"line":26,"column":2},"end":{"line":28,"column":null}},"10":{"start":{"line":27,"column":4},"end":{"line":27,"column":47}},"11":{"start":{"line":30,"column":2},"end":{"line":30,"column":46}},"12":{"start":{"line":32,"column":2},"end":{"line":32,"column":22}}},"fnMap":{"0":{"name":"create","decl":{"start":{"line":6,"column":15},"end":{"line":6,"column":21}},"loc":{"start":{"line":6,"column":49},"end":{"line":13,"column":null}}},"1":{"name":"get","decl":{"start":{"line":15,"column":15},"end":{"line":15,"column":18}},"loc":{"start":{"line":15,"column":46},"end":{"line":21,"column":null}}},"2":{"name":"finish","decl":{"start":{"line":23,"column":15},"end":{"line":23,"column":21}},"loc":{"start":{"line":23,"column":49},"end":{"line":33,"column":null}}}},"branchMap":{"0":{"loc":{"start":{"line":26,"column":2},"end":{"line":28,"column":null}},"type":"if","locations":[{"start":{"line":26,"column":2},"end":{"line":28,"column":null}}]}},"s":{"0":3,"1":3,"2":3,"3":2,"4":1,"5":1,"6":1,"7":1,"8":1,"9":1,"10":0,"11":1,"12":1},"f":{"0":3,"1":1,"2":1},"b":{"0":[0]}}
,"/home/jobatista/Driven/Projetos/Projeto_20_The_Reader/projeto_20_the_reader_back/src/controllers/userController.ts": {"path":"/home/jobatista/Driven/Projetos/Projeto_20_The_Reader/projeto_20_the_reader_back/src/controllers/userController.ts","statementMap":{"0":{"start":{"line":7,"column":15},"end":{"line":7,"column":41}},"1":{"start":{"line":9,"column":2},"end":{"line":9,"column":33}},"2":{"start":{"line":11,"column":2},"end":{"line":11,"column":22}}},"fnMap":{"0":{"name":"signUp","decl":{"start":{"line":6,"column":15},"end":{"line":6,"column":21}},"loc":{"start":{"line":6,"column":49},"end":{"line":12,"column":null}}}},"branchMap":{},"s":{"0":1,"1":1,"2":1},"f":{"0":1},"b":{}}
,"/home/jobatista/Driven/Projetos/Projeto_20_The_Reader/projeto_20_the_reader_back/src/middlewares/errorHandlerMiddleware.ts": {"path":"/home/jobatista/Driven/Projetos/Projeto_20_The_Reader/projeto_20_the_reader_back/src/middlewares/errorHandlerMiddleware.ts","statementMap":{"0":{"start":{"line":16,"column":29},"end":{"line":16,"column":32}},"1":{"start":{"line":17,"column":26},"end":{"line":17,"column":61}},"2":{"start":{"line":19,"column":2},"end":{"line":27,"column":null}},"3":{"start":{"line":20,"column":24},"end":{"line":20,"column":54}},"4":{"start":{"line":21,"column":21},"end":{"line":21,"column":53}},"5":{"start":{"line":23,"column":4},"end":{"line":23,"column":43}},"6":{"start":{"line":25,"column":4},"end":{"line":25,"column":23}},"7":{"start":{"line":26,"column":4},"end":{"line":26,"column":57}}},"fnMap":{"0":{"name":"errorHandler","decl":{"start":{"line":10,"column":24},"end":{"line":10,"column":36}},"loc":{"start":{"line":14,"column":20},"end":{"line":28,"column":1}}}},"branchMap":{"0":{"loc":{"start":{"line":19,"column":2},"end":{"line":27,"column":null}},"type":"if","locations":[{"start":{"line":19,"column":2},"end":{"line":27,"column":null}},{"start":{"line":24,"column":9},"end":{"line":27,"column":null}}]},"1":{"loc":{"start":{"line":21,"column":21},"end":{"line":21,"column":53}},"type":"binary-expr","locations":[{"start":{"line":21,"column":21},"end":{"line":21,"column":34}},{"start":{"line":21,"column":38},"end":{"line":21,"column":53}}]}},"s":{"0":1,"1":1,"2":1,"3":1,"4":1,"5":1,"6":0,"7":0},"f":{"0":1},"b":{"0":[1,0],"1":[1,0]}}
,"/home/jobatista/Driven/Projetos/Projeto_20_The_Reader/projeto_20_the_reader_back/src/middlewares/schemaValidationMiddleware.ts": {"path":"/home/jobatista/Driven/Projetos/Projeto_20_The_Reader/projeto_20_the_reader_back/src/middlewares/schemaValidationMiddleware.ts","statementMap":{"0":{"start":{"line":5,"column":2},"end":{"line":16,"column":4}},"1":{"start":{"line":6,"column":19},"end":{"line":6,"column":27}},"2":{"start":{"line":8,"column":23},"end":{"line":8,"column":46}},"3":{"start":{"line":9,"column":4},"end":{"line":13,"column":null}},"4":{"start":{"line":10,"column":6},"end":{"line":12,"column":68}},"5":{"start":{"line":15,"column":4},"end":{"line":15,"column":11}}},"fnMap":{"0":{"name":"validateSchema","decl":{"start":{"line":4,"column":24},"end":{"line":4,"column":38}},"loc":{"start":{"line":4,"column":59},"end":{"line":17,"column":1}}},"1":{"name":"(anonymous_1)","decl":{"start":{"line":5,"column":9},"end":{"line":5,"column":10}},"loc":{"start":{"line":5,"column":61},"end":{"line":16,"column":3}}}},"branchMap":{"0":{"loc":{"start":{"line":9,"column":4},"end":{"line":13,"column":null}},"type":"if","locations":[{"start":{"line":9,"column":4},"end":{"line":13,"column":null}}]}},"s":{"0":3,"1":5,"2":5,"3":5,"4":0,"5":5},"f":{"0":3,"1":5},"b":{"0":[0]}}
,"/home/jobatista/Driven/Projetos/Projeto_20_The_Reader/projeto_20_the_reader_back/src/middlewares/tokenValidationMiddleware.ts": {"path":"/home/jobatista/Driven/Projetos/Projeto_20_The_Reader/projeto_20_the_reader_back/src/middlewares/tokenValidationMiddleware.ts","statementMap":{"0":{"start":{"line":11,"column":28},"end":{"line":11,"column":39}},"1":{"start":{"line":13,"column":2},"end":{"line":15,"column":null}},"2":{"start":{"line":14,"column":4},"end":{"line":14,"column":62}},"3":{"start":{"line":17,"column":16},"end":{"line":17,"column":53}},"4":{"start":{"line":18,"column":17},"end":{"line":18,"column":49}},"5":{"start":{"line":19,"column":2},"end":{"line":19,"column":29}},"6":{"start":{"line":21,"column":2},"end":{"line":21,"column":9}}},"fnMap":{"0":{"name":"validateToken","decl":{"start":{"line":6,"column":24},"end":{"line":6,"column":37}},"loc":{"start":{"line":9,"column":20},"end":{"line":22,"column":1}}}},"branchMap":{"0":{"loc":{"start":{"line":13,"column":2},"end":{"line":15,"column":null}},"type":"if","locations":[{"start":{"line":13,"column":2},"end":{"line":15,"column":null}}]},"1":{"loc":{"start":{"line":13,"column":7},"end":{"line":13,"column":43}},"type":"cond-expr","locations":[{"start":{"line":13,"column":20},"end":{"line":13,"column":22}},{"start":{"line":13,"column":7},"end":{"line":13,"column":43}}]},"2":{"loc":{"start":{"line":13,"column":7},"end":{"line":13,"column":22}},"type":"binary-expr","locations":[{"start":{"line":13,"column":7},"end":{"line":13,"column":22}},{"start":{"line":13,"column":7},"end":{"line":13,"column":22}}]},"3":{"loc":{"start":{"line":17,"column":16},"end":{"line":17,"column":53}},"type":"cond-expr","locations":[{"start":{"line":17,"column":29},"end":{"line":17,"column":31}},{"start":{"line":17,"column":16},"end":{"line":17,"column":53}}]},"4":{"loc":{"start":{"line":17,"column":16},"end":{"line":17,"column":31}},"type":"binary-expr","locations":[{"start":{"line":17,"column":16},"end":{"line":17,"column":31}},{"start":{"line":17,"column":16},"end":{"line":17,"column":31}}]}},"s":{"0":5,"1":5,"2":0,"3":5,"4":5,"5":5,"6":5},"f":{"0":5},"b":{"0":[0],"1":[0,5],"2":[5,5],"3":[0,5],"4":[5,5]}}
,"/home/jobatista/Driven/Projetos/Projeto_20_The_Reader/projeto_20_the_reader_back/src/repositories/readingRepository.ts": {"path":"/home/jobatista/Driven/Projetos/Projeto_20_The_Reader/projeto_20_the_reader_back/src/repositories/readingRepository.ts","statementMap":{"0":{"start":{"line":10,"column":2},"end":{"line":10,"column":68}},"1":{"start":{"line":14,"column":19},"end":{"line":16,"column":4}},"2":{"start":{"line":18,"column":2},"end":{"line":18,"column":21}},"3":{"start":{"line":22,"column":19},"end":{"line":22,"column":71}},"4":{"start":{"line":24,"column":2},"end":{"line":24,"column":18}},"5":{"start":{"line":28,"column":2},"end":{"line":28,"column":80}},"6":{"start":{"line":32,"column":18},"end":{"line":32,"column":68}},"7":{"start":{"line":33,"column":2},"end":{"line":33,"column":17}}},"fnMap":{"0":{"name":"insert","decl":{"start":{"line":9,"column":15},"end":{"line":9,"column":21}},"loc":{"start":{"line":9,"column":68},"end":{"line":11,"column":null}}},"1":{"name":"findUnfinishedByTitle","decl":{"start":{"line":13,"column":15},"end":{"line":13,"column":36}},"loc":{"start":{"line":13,"column":50},"end":{"line":19,"column":null}}},"2":{"name":"findByUserId","decl":{"start":{"line":21,"column":15},"end":{"line":21,"column":27}},"loc":{"start":{"line":21,"column":42},"end":{"line":25,"column":null}}},"3":{"name":"finishById","decl":{"start":{"line":27,"column":15},"end":{"line":27,"column":25}},"loc":{"start":{"line":27,"column":36},"end":{"line":29,"column":null}}},"4":{"name":"findById","decl":{"start":{"line":31,"column":15},"end":{"line":31,"column":23}},"loc":{"start":{"line":31,"column":34},"end":{"line":34,"column":null}}}},"branchMap":{},"s":{"0":2,"1":3,"2":3,"3":1,"4":1,"5":1,"6":1,"7":1},"f":{"0":2,"1":3,"2":1,"3":1,"4":1},"b":{}}
,"/home/jobatista/Driven/Projetos/Projeto_20_The_Reader/projeto_20_the_reader_back/src/repositories/userRepository.ts": {"path":"/home/jobatista/Driven/Projetos/Projeto_20_The_Reader/projeto_20_the_reader_back/src/repositories/userRepository.ts","statementMap":{"0":{"start":{"line":7,"column":2},"end":{"line":7,"column":37}},"1":{"start":{"line":11,"column":15},"end":{"line":11,"column":65}},"2":{"start":{"line":12,"column":2},"end":{"line":12,"column":14}}},"fnMap":{"0":{"name":"insert","decl":{"start":{"line":6,"column":15},"end":{"line":6,"column":21}},"loc":{"start":{"line":6,"column":42},"end":{"line":8,"column":null}}},"1":{"name":"findByEmail","decl":{"start":{"line":10,"column":15},"end":{"line":10,"column":26}},"loc":{"start":{"line":10,"column":40},"end":{"line":13,"column":null}}}},"branchMap":{},"s":{"0":3,"1":5,"2":5},"f":{"0":3,"1":5},"b":{}}
,"/home/jobatista/Driven/Projetos/Projeto_20_The_Reader/projeto_20_the_reader_back/src/routers/authRouter.ts": {"path":"/home/jobatista/Driven/Projetos/Projeto_20_The_Reader/projeto_20_the_reader_back/src/routers/authRouter.ts","statementMap":{"0":{"start":{"line":7,"column":19},"end":{"line":7,"column":27}},"1":{"start":{"line":9,"column":0},"end":{"line":13,"column":2}}},"fnMap":{},"branchMap":{},"s":{"0":1,"1":1},"f":{},"b":{}}
,"/home/jobatista/Driven/Projetos/Projeto_20_The_Reader/projeto_20_the_reader_back/src/routers/readingRouter.ts": {"path":"/home/jobatista/Driven/Projetos/Projeto_20_The_Reader/projeto_20_the_reader_back/src/routers/readingRouter.ts","statementMap":{"0":{"start":{"line":8,"column":22},"end":{"line":8,"column":30}},"1":{"start":{"line":10,"column":0},"end":{"line":15,"column":2}},"2":{"start":{"line":17,"column":0},"end":{"line":17,"column":61}},"3":{"start":{"line":18,"column":0},"end":{"line":18,"column":76}}},"fnMap":{},"branchMap":{},"s":{"0":1,"1":1,"2":1,"3":1},"f":{},"b":{}}
,"/home/jobatista/Driven/Projetos/Projeto_20_The_Reader/projeto_20_the_reader_back/src/routers/routes.ts": {"path":"/home/jobatista/Driven/Projetos/Projeto_20_The_Reader/projeto_20_the_reader_back/src/routers/routes.ts","statementMap":{"0":{"start":{"line":7,"column":15},"end":{"line":7,"column":23}},"1":{"start":{"line":9,"column":0},"end":{"line":9,"column":33}},"2":{"start":{"line":10,"column":0},"end":{"line":10,"column":32}},"3":{"start":{"line":11,"column":0},"end":{"line":11,"column":39}}},"fnMap":{},"branchMap":{},"s":{"0":1,"1":1,"2":1,"3":1},"f":{},"b":{}}
,"/home/jobatista/Driven/Projetos/Projeto_20_The_Reader/projeto_20_the_reader_back/src/routers/userRouter.ts": {"path":"/home/jobatista/Driven/Projetos/Projeto_20_The_Reader/projeto_20_the_reader_back/src/routers/userRouter.ts","statementMap":{"0":{"start":{"line":7,"column":19},"end":{"line":7,"column":27}},"1":{"start":{"line":9,"column":0},"end":{"line":9,"column":72}}},"fnMap":{},"branchMap":{},"s":{"0":1,"1":1},"f":{},"b":{}}
,"/home/jobatista/Driven/Projetos/Projeto_20_The_Reader/projeto_20_the_reader_back/src/schemas/readingSchema.ts": {"path":"/home/jobatista/Driven/Projetos/Projeto_20_The_Reader/projeto_20_the_reader_back/src/schemas/readingSchema.ts","statementMap":{"0":{"start":{"line":5,"column":22},"end":{"line":11,"column":2}}},"fnMap":{},"branchMap":{},"s":{"0":1},"f":{},"b":{}}
,"/home/jobatista/Driven/Projetos/Projeto_20_The_Reader/projeto_20_the_reader_back/src/schemas/signInSchema.ts": {"path":"/home/jobatista/Driven/Projetos/Projeto_20_The_Reader/projeto_20_the_reader_back/src/schemas/signInSchema.ts","statementMap":{"0":{"start":{"line":4,"column":21},"end":{"line":7,"column":2}}},"fnMap":{},"branchMap":{},"s":{"0":1},"f":{},"b":{}}
,"/home/jobatista/Driven/Projetos/Projeto_20_The_Reader/projeto_20_the_reader_back/src/schemas/userSchema.ts": {"path":"/home/jobatista/Driven/Projetos/Projeto_20_The_Reader/projeto_20_the_reader_back/src/schemas/userSchema.ts","statementMap":{"0":{"start":{"line":4,"column":19},"end":{"line":8,"column":2}}},"fnMap":{},"branchMap":{},"s":{"0":1},"f":{},"b":{}}
,"/home/jobatista/Driven/Projetos/Projeto_20_The_Reader/projeto_20_the_reader_back/src/services/authService.ts": {"path":"/home/jobatista/Driven/Projetos/Projeto_20_The_Reader/projeto_20_the_reader_back/src/services/authService.ts","statementMap":{"0":{"start":{"line":13,"column":30},"end":{"line":13,"column":34}},"1":{"start":{"line":15,"column":15},"end":{"line":15,"column":54}},"2":{"start":{"line":16,"column":2},"end":{"line":18,"column":null}},"3":{"start":{"line":17,"column":4},"end":{"line":17,"column":68}},"4":{"start":{"line":20,"column":2},"end":{"line":22,"column":null}},"5":{"start":{"line":21,"column":4},"end":{"line":21,"column":47}},"6":{"start":{"line":24,"column":16},"end":{"line":24,"column":69}},"7":{"start":{"line":26,"column":2},"end":{"line":26,"column":36}},"8":{"start":{"line":30,"column":20},"end":{"line":30,"column":42}},"9":{"start":{"line":31,"column":2},"end":{"line":37,"column":null}},"10":{"start":{"line":32,"column":23},"end":{"line":32,"column":73}},"11":{"start":{"line":34,"column":4},"end":{"line":34,"column":18}},"12":{"start":{"line":36,"column":4},"end":{"line":36,"column":62}}},"fnMap":{"0":{"name":"signIn","decl":{"start":{"line":12,"column":15},"end":{"line":12,"column":21}},"loc":{"start":{"line":12,"column":38},"end":{"line":27,"column":null}}},"1":{"name":"validateToken","decl":{"start":{"line":29,"column":9},"end":{"line":29,"column":22}},"loc":{"start":{"line":29,"column":36},"end":{"line":38,"column":1}}}},"branchMap":{"0":{"loc":{"start":{"line":16,"column":2},"end":{"line":18,"column":null}},"type":"if","locations":[{"start":{"line":16,"column":2},"end":{"line":18,"column":null}}]},"1":{"loc":{"start":{"line":20,"column":2},"end":{"line":22,"column":null}},"type":"if","locations":[{"start":{"line":20,"column":2},"end":{"line":22,"column":null}}]}},"s":{"0":4,"1":4,"2":4,"3":1,"4":3,"5":1,"6":2,"7":2,"8":7,"9":7,"10":7,"11":6,"12":1},"f":{"0":4,"1":7},"b":{"0":[1],"1":[1]}}
,"/home/jobatista/Driven/Projetos/Projeto_20_The_Reader/projeto_20_the_reader_back/src/services/readingService.ts": {"path":"/home/jobatista/Driven/Projetos/Projeto_20_The_Reader/projeto_20_the_reader_back/src/services/readingService.ts","statementMap":{"0":{"start":{"line":11,"column":20},"end":{"line":11,"column":24}},"1":{"start":{"line":13,"column":28},"end":{"line":14,"column":null}},"2":{"start":{"line":16,"column":2},"end":{"line":18,"column":null}},"3":{"start":{"line":17,"column":4},"end":{"line":17,"column":74}},"4":{"start":{"line":20,"column":2},"end":{"line":20,"column":47}},"5":{"start":{"line":24,"column":19},"end":{"line":24,"column":63}},"6":{"start":{"line":25,"column":2},"end":{"line":25,"column":18}},"7":{"start":{"line":29,"column":18},"end":{"line":29,"column":42}},"8":{"start":{"line":31,"column":2},"end":{"line":33,"column":null}},"9":{"start":{"line":32,"column":4},"end":{"line":32,"column":58}},"10":{"start":{"line":35,"column":2},"end":{"line":37,"column":null}},"11":{"start":{"line":36,"column":4},"end":{"line":36,"column":55}},"12":{"start":{"line":39,"column":2},"end":{"line":39,"column":41}},"13":{"start":{"line":43,"column":18},"end":{"line":43,"column":54}},"14":{"start":{"line":44,"column":2},"end":{"line":46,"column":null}},"15":{"start":{"line":45,"column":4},"end":{"line":45,"column":64}},"16":{"start":{"line":48,"column":2},"end":{"line":48,"column":17}}},"fnMap":{"0":{"name":"create","decl":{"start":{"line":10,"column":15},"end":{"line":10,"column":21}},"loc":{"start":{"line":10,"column":61},"end":{"line":21,"column":null}}},"1":{"name":"getByUserId","decl":{"start":{"line":23,"column":15},"end":{"line":23,"column":26}},"loc":{"start":{"line":23,"column":41},"end":{"line":26,"column":null}}},"2":{"name":"finishById","decl":{"start":{"line":28,"column":15},"end":{"line":28,"column":25}},"loc":{"start":{"line":28,"column":52},"end":{"line":40,"column":null}}},"3":{"name":"findByIdOrFail","decl":{"start":{"line":42,"column":15},"end":{"line":42,"column":29}},"loc":{"start":{"line":42,"column":40},"end":{"line":49,"column":null}}}},"branchMap":{"0":{"loc":{"start":{"line":16,"column":2},"end":{"line":18,"column":null}},"type":"if","locations":[{"start":{"line":16,"column":2},"end":{"line":18,"column":null}}]},"1":{"loc":{"start":{"line":31,"column":2},"end":{"line":33,"column":null}},"type":"if","locations":[{"start":{"line":31,"column":2},"end":{"line":33,"column":null}}]},"2":{"loc":{"start":{"line":35,"column":2},"end":{"line":37,"column":null}},"type":"if","locations":[{"start":{"line":35,"column":2},"end":{"line":37,"column":null}}]},"3":{"loc":{"start":{"line":44,"column":2},"end":{"line":46,"column":null}},"type":"if","locations":[{"start":{"line":44,"column":2},"end":{"line":46,"column":null}}]}},"s":{"0":3,"1":3,"2":3,"3":1,"4":2,"5":1,"6":1,"7":4,"8":3,"9":1,"10":2,"11":1,"12":1,"13":4,"14":4,"15":1,"16":3},"f":{"0":3,"1":1,"2":4,"3":4},"b":{"0":[1],"1":[1],"2":[1],"3":[1]}}
,"/home/jobatista/Driven/Projetos/Projeto_20_The_Reader/projeto_20_the_reader_back/src/services/userService.ts": {"path":"/home/jobatista/Driven/Projetos/Projeto_20_The_Reader/projeto_20_the_reader_back/src/services/userService.ts","statementMap":{"0":{"start":{"line":9,"column":30},"end":{"line":9,"column":34}},"1":{"start":{"line":11,"column":23},"end":{"line":11,"column":62}},"2":{"start":{"line":12,"column":2},"end":{"line":14,"column":null}},"3":{"start":{"line":13,"column":4},"end":{"line":13,"column":70}},"4":{"start":{"line":16,"column":25},"end":{"line":16,"column":54}},"5":{"start":{"line":18,"column":2},"end":{"line":18,"column":69}}},"fnMap":{"0":{"name":"create","decl":{"start":{"line":8,"column":15},"end":{"line":8,"column":21}},"loc":{"start":{"line":8,"column":42},"end":{"line":19,"column":null}}}},"branchMap":{"0":{"loc":{"start":{"line":12,"column":2},"end":{"line":14,"column":null}},"type":"if","locations":[{"start":{"line":12,"column":2},"end":{"line":14,"column":null}}]}},"s":{"0":4,"1":4,"2":4,"3":1,"4":3,"5":3},"f":{"0":4},"b":{"0":[1]}}
,"/home/jobatista/Driven/Projetos/Projeto_20_The_Reader/projeto_20_the_reader_back/src/utils/errorUtils.ts": {"path":"/home/jobatista/Driven/Projetos/Projeto_20_The_Reader/projeto_20_the_reader_back/src/utils/errorUtils.ts","statementMap":{"0":{"start":{"line":9,"column":2},"end":{"line":12,"column":4}},"1":{"start":{"line":16,"column":2},"end":{"line":19,"column":4}},"2":{"start":{"line":23,"column":2},"end":{"line":26,"column":4}},"3":{"start":{"line":30,"column":2},"end":{"line":39,"column":null}},"4":{"start":{"line":32,"column":6},"end":{"line":32,"column":17}},"5":{"start":{"line":34,"column":6},"end":{"line":34,"column":17}},"6":{"start":{"line":36,"column":6},"end":{"line":36,"column":17}},"7":{"start":{"line":38,"column":6},"end":{"line":38,"column":17}}},"fnMap":{"0":{"name":"conflictError","decl":{"start":{"line":8,"column":16},"end":{"line":8,"column":29}},"loc":{"start":{"line":8,"column":45},"end":{"line":13,"column":1}}},"1":{"name":"notFoundError","decl":{"start":{"line":15,"column":16},"end":{"line":15,"column":29}},"loc":{"start":{"line":15,"column":45},"end":{"line":20,"column":1}}},"2":{"name":"unauthorizedError","decl":{"start":{"line":22,"column":16},"end":{"line":22,"column":33}},"loc":{"start":{"line":22,"column":49},"end":{"line":27,"column":1}}},"3":{"name":"getErrorHttpStatus","decl":{"start":{"line":29,"column":16},"end":{"line":29,"column":34}},"loc":{"start":{"line":29,"column":53},"end":{"line":40,"column":1}}}},"branchMap":{"0":{"loc":{"start":{"line":30,"column":2},"end":{"line":39,"column":null}},"type":"switch","locations":[{"start":{"line":31,"column":4},"end":{"line":32,"column":17}},{"start":{"line":33,"column":4},"end":{"line":34,"column":17}},{"start":{"line":35,"column":4},"end":{"line":36,"column":17}},{"start":{"line":37,"column":4},"end":{"line":38,"column":17}}]}},"s":{"0":3,"1":2,"2":3,"3":1,"4":0,"5":0,"6":1,"7":0},"f":{"0":3,"1":2,"2":3,"3":1},"b":{"0":[0,0,1,0]}}
,"/home/jobatista/Driven/Projetos/Projeto_20_The_Reader/projeto_20_the_reader_back/tests/factories/readingBodyFactory.ts": {"path":"/home/jobatista/Driven/Projetos/Projeto_20_The_Reader/projeto_20_the_reader_back/tests/factories/readingBodyFactory.ts","statementMap":{"0":{"start":{"line":6,"column":2},"end":{"line":12,"column":4}}},"fnMap":{"0":{"name":"readingBodyFactory","decl":{"start":{"line":5,"column":24},"end":{"line":5,"column":42}},"loc":{"start":{"line":5,"column":42},"end":{"line":13,"column":1}}}},"branchMap":{},"s":{"0":10},"f":{"0":10},"b":{}}
,"/home/jobatista/Driven/Projetos/Projeto_20_The_Reader/projeto_20_the_reader_back/tests/factories/signInBodyFactory.ts": {"path":"/home/jobatista/Driven/Projetos/Projeto_20_The_Reader/projeto_20_the_reader_back/tests/factories/signInBodyFactory.ts","statementMap":{"0":{"start":{"line":6,"column":2},"end":{"line":9,"column":4}}},"fnMap":{"0":{"name":"signInBodyFactory","decl":{"start":{"line":5,"column":24},"end":{"line":5,"column":41}},"loc":{"start":{"line":5,"column":41},"end":{"line":10,"column":1}}}},"branchMap":{},"s":{"0":2},"f":{"0":2},"b":{}}
,"/home/jobatista/Driven/Projetos/Projeto_20_The_Reader/projeto_20_the_reader_back/tests/factories/userBodyFactory.ts": {"path":"/home/jobatista/Driven/Projetos/Projeto_20_The_Reader/projeto_20_the_reader_back/tests/factories/userBodyFactory.ts","statementMap":{"0":{"start":{"line":6,"column":2},"end":{"line":10,"column":4}}},"fnMap":{"0":{"name":"userBodyFactory","decl":{"start":{"line":5,"column":24},"end":{"line":5,"column":39}},"loc":{"start":{"line":5,"column":39},"end":{"line":11,"column":1}}}},"branchMap":{},"s":{"0":4},"f":{"0":4},"b":{}}
}
