TN:
SF:src/app.ts
FNF:0
FNH:0
DA:8,1
DA:9,1
DA:10,1
DA:11,1
DA:12,1
LF:5
LH:5
BRF:0
BRH:0
end_of_record
TN:
SF:src/database.ts
FNF:0
FNH:0
DA:3,4
DA:5,4
LF:2
LH:2
BRF:0
BRH:0
end_of_record
TN:
SF:src/controllers/authController.ts
FN:5,signIn
FNF:1
FNH:1
FNDA:1,signIn
DA:6,1
DA:8,1
DA:10,1
LF:3
LH:3
BRF:0
BRH:0
end_of_record
TN:
SF:src/controllers/readingController.ts
FN:6,create
FN:15,get
FN:23,finish
FNF:3
FNH:3
FNDA:3,create
FNDA:1,get
FNDA:1,finish
DA:7,3
DA:8,3
DA:10,3
DA:12,2
DA:16,1
DA:18,1
DA:20,1
DA:24,1
DA:25,1
DA:26,1
DA:27,0
DA:30,1
DA:32,1
LF:13
LH:12
BRDA:26,0,0,0
BRF:1
BRH:0
end_of_record
TN:
SF:src/controllers/userController.ts
FN:6,signUp
FNF:1
FNH:1
FNDA:1,signUp
DA:7,1
DA:9,1
DA:11,1
LF:3
LH:3
BRF:0
BRH:0
end_of_record
TN:
SF:src/middlewares/errorHandlerMiddleware.ts
FN:10,errorHandler
FNF:1
FNH:1
FNDA:1,errorHandler
DA:16,1
DA:17,1
DA:19,1
DA:20,1
DA:21,1
DA:23,1
DA:25,0
DA:26,0
LF:8
LH:6
BRDA:19,0,0,1
BRDA:19,0,1,0
BRDA:21,1,0,1
BRDA:21,1,1,0
BRF:4
BRH:2
end_of_record
TN:
SF:src/middlewares/schemaValidationMiddleware.ts
FN:4,validateSchema
FN:5,(anonymous_1)
FNF:2
FNH:2
FNDA:3,validateSchema
FNDA:5,(anonymous_1)
DA:5,3
DA:6,5
DA:8,5
DA:9,5
DA:10,0
DA:15,5
LF:6
LH:5
BRDA:9,0,0,0
BRF:1
BRH:0
end_of_record
TN:
SF:src/middlewares/tokenValidationMiddleware.ts
FN:6,validateToken
FNF:1
FNH:1
FNDA:5,validateToken
DA:11,5
DA:13,5
DA:14,0
DA:17,5
DA:18,5
DA:19,5
DA:21,5
LF:7
LH:6
BRDA:13,0,0,0
BRDA:13,1,0,0
BRDA:13,1,1,5
BRDA:13,2,0,5
BRDA:13,2,1,5
BRDA:17,3,0,0
BRDA:17,3,1,5
BRDA:17,4,0,5
BRDA:17,4,1,5
BRF:9
BRH:6
end_of_record
TN:
SF:src/repositories/readingRepository.ts
FN:9,insert
FN:13,findUnfinishedByTitle
FN:21,findByUserId
FN:27,finishById
FN:31,findById
FNF:5
FNH:5
FNDA:2,insert
FNDA:3,findUnfinishedByTitle
FNDA:1,findByUserId
FNDA:1,finishById
FNDA:1,findById
DA:10,2
DA:14,3
DA:18,3
DA:22,1
DA:24,1
DA:28,1
DA:32,1
DA:33,1
LF:8
LH:8
BRF:0
BRH:0
end_of_record
TN:
SF:src/repositories/userRepository.ts
FN:6,insert
FN:10,findByEmail
FNF:2
FNH:2
FNDA:3,insert
FNDA:5,findByEmail
DA:7,3
DA:11,5
DA:12,5
LF:3
LH:3
BRF:0
BRH:0
end_of_record
TN:
SF:src/routers/authRouter.ts
FNF:0
FNH:0
DA:7,1
DA:9,1
LF:2
LH:2
BRF:0
BRH:0
end_of_record
TN:
SF:src/routers/readingRouter.ts
FNF:0
FNH:0
DA:8,1
DA:10,1
DA:17,1
DA:18,1
LF:4
LH:4
BRF:0
BRH:0
end_of_record
TN:
SF:src/routers/routes.ts
FNF:0
FNH:0
DA:7,1
DA:9,1
DA:10,1
DA:11,1
LF:4
LH:4
BRF:0
BRH:0
end_of_record
TN:
SF:src/routers/userRouter.ts
FNF:0
FNH:0
DA:7,1
DA:9,1
LF:2
LH:2
BRF:0
BRH:0
end_of_record
TN:
SF:src/schemas/readingSchema.ts
FNF:0
FNH:0
DA:5,1
LF:1
LH:1
BRF:0
BRH:0
end_of_record
TN:
SF:src/schemas/signInSchema.ts
FNF:0
FNH:0
DA:4,1
LF:1
LH:1
BRF:0
BRH:0
end_of_record
TN:
SF:src/schemas/userSchema.ts
FNF:0
FNH:0
DA:4,1
LF:1
LH:1
BRF:0
BRH:0
end_of_record
TN:
SF:src/services/authService.ts
FN:12,signIn
FN:29,validateToken
FNF:2
FNH:2
FNDA:4,signIn
FNDA:7,validateToken
DA:13,4
DA:15,4
DA:16,4
DA:17,1
DA:20,3
DA:21,1
DA:24,2
DA:26,2
DA:30,7
DA:31,7
DA:32,7
DA:34,6
DA:36,1
LF:13
LH:13
BRDA:16,0,0,1
BRDA:20,1,0,1
BRF:2
BRH:2
end_of_record
TN:
SF:src/services/readingService.ts
FN:10,create
FN:23,getByUserId
FN:28,finishById
FN:42,findByIdOrFail
FNF:4
FNH:4
FNDA:3,create
FNDA:1,getByUserId
FNDA:4,finishById
FNDA:4,findByIdOrFail
DA:11,3
DA:13,3
DA:16,3
DA:17,1
DA:20,2
DA:24,1
DA:25,1
DA:29,4
DA:31,3
DA:32,1
DA:35,2
DA:36,1
DA:39,1
DA:43,4
DA:44,4
DA:45,1
DA:48,3
LF:17
LH:17
BRDA:16,0,0,1
BRDA:31,1,0,1
BRDA:35,2,0,1
BRDA:44,3,0,1
BRF:4
BRH:4
end_of_record
TN:
SF:src/services/userService.ts
FN:8,create
FNF:1
FNH:1
FNDA:4,create
DA:9,4
DA:11,4
DA:12,4
DA:13,1
DA:16,3
DA:18,3
LF:6
LH:6
BRDA:12,0,0,1
BRF:1
BRH:1
end_of_record
TN:
SF:src/utils/errorUtils.ts
FN:8,conflictError
FN:15,notFoundError
FN:22,unauthorizedError
FN:29,getErrorHttpStatus
FNF:4
FNH:4
FNDA:3,conflictError
FNDA:2,notFoundError
FNDA:3,unauthorizedError
FNDA:1,getErrorHttpStatus
DA:9,3
DA:16,2
DA:23,3
DA:30,1
DA:32,0
DA:34,0
DA:36,1
DA:38,0
LF:8
LH:5
BRDA:30,0,0,0
BRDA:30,0,1,0
BRDA:30,0,2,1
BRDA:30,0,3,0
BRF:4
BRH:1
end_of_record
TN:
SF:tests/factories/readingBodyFactory.ts
FN:5,readingBodyFactory
FNF:1
FNH:1
FNDA:10,readingBodyFactory
DA:6,10
LF:1
LH:1
BRF:0
BRH:0
end_of_record
TN:
SF:tests/factories/signInBodyFactory.ts
FN:5,signInBodyFactory
FNF:1
FNH:1
FNDA:2,signInBodyFactory
DA:6,2
LF:1
LH:1
BRF:0
BRH:0
end_of_record
TN:
SF:tests/factories/userBodyFactory.ts
FN:5,userBodyFactory
FNF:1
FNH:1
FNDA:4,userBodyFactory
DA:6,4
LF:1
LH:1
BRF:0
BRH:0
end_of_record
