TN:
SF:src/app.ts
FNF:0
FNH:0
DA:8,1
DA:9,1
DA:10,1
DA:11,1
DA:12,1
LF:5
LH:5
BRF:0
BRH:0
end_of_record
TN:
SF:src/database.ts
FNF:0
FNH:0
DA:3,5
DA:5,5
LF:2
LH:2
BRF:0
BRH:0
end_of_record
TN:
SF:src/controllers/authController.ts
FN:5,signIn
FNF:1
FNH:1
FNDA:1,signIn
DA:6,1
DA:8,1
DA:10,1
LF:3
LH:3
BRF:0
BRH:0
end_of_record
TN:
SF:src/controllers/readingController.ts
FN:6,create
FN:15,get
FN:23,finish
FN:35,bookmark
FNF:4
FNH:4
FNDA:3,create
FNDA:1,get
FNDA:1,finish
FNDA:1,bookmark
DA:7,3
DA:8,3
DA:10,3
DA:12,2
DA:16,1
DA:18,1
DA:20,1
DA:24,1
DA:25,1
DA:26,1
DA:27,0
DA:30,1
DA:32,1
DA:36,1
DA:37,1
DA:38,1
DA:39,1
DA:40,0
DA:43,1
DA:45,1
LF:20
LH:18
BRDA:26,0,0,0
BRDA:39,1,0,0
BRF:2
BRH:0
end_of_record
TN:
SF:src/controllers/readingIntentionController.ts
FN:6,create
FN:15,get
FN:23,increasePriority
FN:35,decreasePriority
FNF:4
FNH:4
FNDA:1,create
FNDA:1,get
FNDA:1,increasePriority
FNDA:1,decreasePriority
DA:7,1
DA:8,1
DA:10,1
DA:12,1
DA:16,1
DA:18,1
DA:20,1
DA:24,1
DA:25,1
DA:26,1
DA:27,0
DA:30,1
DA:32,1
DA:36,1
DA:37,1
DA:38,1
DA:39,0
DA:42,1
DA:44,1
LF:19
LH:17
BRDA:26,0,0,0
BRDA:38,1,0,0
BRF:2
BRH:0
end_of_record
TN:
SF:src/controllers/userController.ts
FN:6,signUp
FNF:1
FNH:1
FNDA:1,signUp
DA:7,1
DA:9,1
DA:11,1
LF:3
LH:3
BRF:0
BRH:0
end_of_record
TN:
SF:src/middlewares/errorHandlerMiddleware.ts
FN:10,errorHandler
FNF:1
FNH:1
FNDA:1,errorHandler
DA:16,1
DA:17,1
DA:19,1
DA:20,1
DA:21,1
DA:23,1
DA:25,0
DA:26,0
LF:8
LH:6
BRDA:19,0,0,1
BRDA:19,0,1,0
BRDA:21,1,0,1
BRDA:21,1,1,0
BRF:4
BRH:2
end_of_record
TN:
SF:src/middlewares/schemaValidationMiddleware.ts
FN:4,validateSchema
FN:5,(anonymous_1)
FNF:2
FNH:2
FNDA:5,validateSchema
FNDA:7,(anonymous_1)
DA:5,5
DA:6,7
DA:8,7
DA:9,7
DA:10,0
DA:15,7
LF:6
LH:5
BRDA:9,0,0,0
BRF:1
BRH:0
end_of_record
TN:
SF:src/middlewares/tokenValidationMiddleware.ts
FN:6,validateToken
FNF:1
FNH:1
FNDA:10,validateToken
DA:11,10
DA:13,10
DA:14,0
DA:17,10
DA:18,10
DA:19,10
DA:21,10
LF:7
LH:6
BRDA:13,0,0,0
BRDA:13,1,0,0
BRDA:13,1,1,10
BRDA:13,2,0,10
BRDA:13,2,1,10
BRDA:17,3,0,0
BRDA:17,3,1,10
BRDA:17,4,0,10
BRDA:17,4,1,10
BRF:9
BRH:6
end_of_record
TN:
SF:src/repositories/readingIntentionRepository.ts
FN:14,insert
FN:18,findByTitle
FN:26,findByUserId
FN:35,swapIntentionPriorities
FNF:4
FNH:4
FNDA:1,insert
FNDA:1,findByTitle
FNDA:3,findByUserId
FNDA:2,swapIntentionPriorities
DA:15,1
DA:19,1
DA:23,1
DA:27,3
DA:32,3
DA:39,2
DA:44,2
DA:49,2
LF:8
LH:8
BRF:0
BRH:0
end_of_record
TN:
SF:src/repositories/readingRepository.ts
FN:9,insert
FN:13,findUnfinishedByTitle
FN:21,findByUserId
FN:27,finishById
FN:31,findById
FN:36,bookmarkById
FNF:6
FNH:6
FNDA:2,insert
FNDA:3,findUnfinishedByTitle
FNDA:1,findByUserId
FNDA:1,finishById
FNDA:2,findById
FNDA:1,bookmarkById
DA:10,2
DA:14,3
DA:18,3
DA:22,1
DA:24,1
DA:28,1
DA:32,2
DA:33,2
DA:37,1
LF:9
LH:9
BRF:0
BRH:0
end_of_record
TN:
SF:src/repositories/userRepository.ts
FN:6,insert
FN:10,findByEmail
FNF:2
FNH:2
FNDA:3,insert
FNDA:5,findByEmail
DA:7,3
DA:11,5
DA:12,5
LF:3
LH:3
BRF:0
BRH:0
end_of_record
TN:
SF:src/routers/authRouter.ts
FNF:0
FNH:0
DA:7,1
DA:9,1
LF:2
LH:2
BRF:0
BRH:0
end_of_record
TN:
SF:src/routers/readingIntentionRouter.ts
FNF:0
FNH:0
DA:8,1
DA:10,1
DA:17,1
DA:19,1
DA:25,1
LF:5
LH:5
BRF:0
BRH:0
end_of_record
TN:
SF:src/routers/readingRouter.ts
FNF:0
FNH:0
DA:9,1
DA:11,1
DA:18,1
DA:19,1
DA:21,1
LF:5
LH:5
BRF:0
BRH:0
end_of_record
TN:
SF:src/routers/routes.ts
FNF:0
FNH:0
DA:8,1
DA:10,1
DA:11,1
DA:12,1
DA:13,1
LF:5
LH:5
BRF:0
BRH:0
end_of_record
TN:
SF:src/routers/userRouter.ts
FNF:0
FNH:0
DA:7,1
DA:9,1
LF:2
LH:2
BRF:0
BRH:0
end_of_record
TN:
SF:src/schemas/bookmarkSchema.ts
FNF:0
FNH:0
DA:3,1
LF:1
LH:1
BRF:0
BRH:0
end_of_record
TN:
SF:src/schemas/readingIntentionSchema.ts
FNF:0
FNH:0
DA:5,1
LF:1
LH:1
BRF:0
BRH:0
end_of_record
TN:
SF:src/schemas/readingSchema.ts
FNF:0
FNH:0
DA:5,1
LF:1
LH:1
BRF:0
BRH:0
end_of_record
TN:
SF:src/schemas/signInSchema.ts
FNF:0
FNH:0
DA:4,1
LF:1
LH:1
BRF:0
BRH:0
end_of_record
TN:
SF:src/schemas/userSchema.ts
FNF:0
FNH:0
DA:4,1
LF:1
LH:1
BRF:0
BRH:0
end_of_record
TN:
SF:src/services/authService.ts
FN:12,signIn
FN:29,validateToken
FNF:2
FNH:2
FNDA:4,signIn
FNDA:12,validateToken
DA:13,4
DA:15,4
DA:16,4
DA:17,1
DA:20,3
DA:21,1
DA:24,2
DA:26,2
DA:30,12
DA:31,12
DA:32,12
DA:34,11
DA:36,1
LF:13
LH:13
BRDA:16,0,0,1
BRDA:20,1,0,1
BRF:2
BRH:2
end_of_record
TN:
SF:src/services/readingIntentionService.ts
FN:6,create
FN:17,getByUserId
FN:22,increasePriorityById
FN:55,decreasePriorityById
FNF:4
FNH:4
FNDA:2,create
FNDA:1,getByUserId
FNDA:4,increasePriorityById
FNDA:4,decreasePriorityById
DA:7,2
DA:9,2
DA:10,2
DA:11,1
DA:14,1
DA:18,1
DA:19,1
DA:23,4
DA:24,4
DA:27,4
DA:28,1
DA:33,3
DA:36,2
DA:37,1
DA:38,1
DA:39,1
DA:40,1
DA:41,1
DA:44,1
DA:45,1
DA:50,1
DA:56,4
DA:57,4
DA:60,4
DA:61,1
DA:66,3
DA:69,2
DA:70,1
DA:71,1
DA:72,1
DA:73,1
DA:74,1
DA:77,1
DA:78,1
DA:83,1
LF:35
LH:35
BRDA:10,0,0,1
BRDA:27,1,0,1
BRDA:33,2,0,1
BRDA:37,3,0,1
BRDA:60,4,0,1
BRDA:66,5,0,1
BRDA:70,6,0,1
BRF:7
BRH:7
end_of_record
TN:
SF:src/services/readingService.ts
FN:10,create
FN:24,getByUserId
FN:29,finishById
FN:43,findByIdOrFail
FN:52,bookmarkById
FNF:5
FNH:5
FNDA:3,create
FNDA:1,getByUserId
FNDA:4,finishById
FNDA:8,findByIdOrFail
FNDA:4,bookmarkById
DA:11,3
DA:13,3
DA:17,3
DA:18,1
DA:21,2
DA:25,1
DA:26,1
DA:30,4
DA:32,3
DA:33,1
DA:36,2
DA:37,1
DA:40,1
DA:44,8
DA:45,8
DA:46,2
DA:49,6
DA:53,4
DA:55,3
DA:56,1
DA:59,2
DA:60,1
DA:63,1
LF:23
LH:23
BRDA:17,0,0,1
BRDA:32,1,0,1
BRDA:36,2,0,1
BRDA:45,3,0,2
BRDA:55,4,0,1
BRDA:59,5,0,1
BRF:6
BRH:6
end_of_record
TN:
SF:src/services/userService.ts
FN:8,create
FNF:1
FNH:1
FNDA:4,create
DA:9,4
DA:11,4
DA:12,4
DA:13,1
DA:16,3
DA:18,3
LF:6
LH:6
BRDA:12,0,0,1
BRF:1
BRH:1
end_of_record
TN:
SF:src/utils/errorUtils.ts
FN:8,conflictError
FN:15,notFoundError
FN:22,unauthorizedError
FN:29,getErrorHttpStatus
FNF:4
FNH:4
FNDA:5,conflictError
FNDA:7,notFoundError
FNDA:4,unauthorizedError
FNDA:1,getErrorHttpStatus
DA:9,5
DA:16,7
DA:23,4
DA:30,1
DA:32,0
DA:34,0
DA:36,1
DA:38,0
LF:8
LH:5
BRDA:30,0,0,0
BRDA:30,0,1,0
BRDA:30,0,2,1
BRDA:30,0,3,0
BRF:4
BRH:1
end_of_record
TN:
SF:tests/factories/readingBodyFactory.ts
FN:5,readingBodyFactory
FNF:1
FNH:1
FNDA:13,readingBodyFactory
DA:6,13
LF:1
LH:1
BRF:0
BRH:0
end_of_record
TN:
SF:tests/factories/readingIntentionBodyFactory.ts
FN:5,readingIntentionBodyFactory
FNF:1
FNH:1
FNDA:8,readingIntentionBodyFactory
DA:6,8
LF:1
LH:1
BRF:0
BRH:0
end_of_record
TN:
SF:tests/factories/signInBodyFactory.ts
FN:5,signInBodyFactory
FNF:1
FNH:1
FNDA:2,signInBodyFactory
DA:6,2
LF:1
LH:1
BRF:0
BRH:0
end_of_record
TN:
SF:tests/factories/userBodyFactory.ts
FN:5,userBodyFactory
FNF:1
FNH:1
FNDA:4,userBodyFactory
DA:6,4
LF:1
LH:1
BRF:0
BRH:0
end_of_record
